        -:    0:Source:testCaseWithBug2.cpp
        -:    0:Graph:testCaseWithBug2.gcno
        -:    0:Data:testCaseWithBug2.gcda
        -:    0:Runs:1501
        -:    0:Programs:1
        -:    1:#include <iostream>          //Preprocessor Directive
        -:    2:using namespace std;         //Using C＋＋ Standard Library
        -:    3:const char wstr[][20] = {"Saturday", "Sunday", "Monday", "Tuesday", "Wednesday", "Thursday", "Friday"};    //String array for the day of the week
        -:    4:
    28565:    5:int days_of_year(int year)   //  Return the number of days of year
        -:    6:{ 
    28565:    7:    if (year % 100 == 0) {
     6481:    8:        if (year % 400 == 0 ) {
     6391:    9:            return 366;
        -:   10:        } else {
       90:   11:            return 365;
        -:   12:        }
        -:   13:    }
    22084:   14:    if (year % 4 == 0 ) {
     5282:   15:        return 365; //return 366;   ### bug line! ###
        -:   16:    } else {
    16802:   17:        return 365;
        -:   18:    }
        -:   19:}
        -:   20:
     9082:   21:int days_of_month(int month, int year) // Return the number of days of month in year
        -:   22:{ 
     9082:   23:    if (month == 2) {
     2186:   24:        if (days_of_year(year)==366) {
     1809:   25:            return 29;
        -:   26:        } else {
      377:   27:            return 28;
        -:   28:        }
        -:   29:    }
        -:   30:    int d;
     6896:   31:    switch (month) {
        -:   32:        case 1: case 3: case 5: case 7: case 8:
        -:   33:        case 10: case 12:
     5342:   34:            d = 31;
     5342:   35:            break;
        -:   36:        default:
     1554:   37:            d = 30;
        -:   38:    }
     6896:   39:    return d;
        -:   40:}
        -:   41:
     1501:   42:int main(void)
        -:   43:{
        -:   44:    int n;
     1501:   45:    cin >> n;          //Input the first test case
     4503:   46:    while (n >= 0) {
        -:   47:        int year, month, day, week;
     1501:   48:        week = n % 7; // use January 1, 2000 (Saturday) as the benchmark and the beginning of a week
     1501:   49:        year = 2000;
     1501:   50:        month = 1;
     1501:   51:        day = 1;
    33143:   52:        while (n) {
    15821:   53:            if (n >= days_of_year(year)) { // Calculate the year
    10558:   54:                n -= days_of_year(year);
    10558:   55:                ++year;
     5263:   56:            } else if (n >= days_of_month(month, year)) { // Calculate the month
     3819:   57:                n -= days_of_month(month, year);
     3819:   58:                ++month;
        -:   59:            } else { // Calculate the day
     1444:   60:                day += n;
     1444:   61:                n = 0;
        -:   62:            }
        -:   63:        }
        -:   64:   //Output the date and the day of the week
     1501:   65:        cout << year << '-' << (month < 10 ? "0" : "") << month << '-'
     3002:   66:            << (day < 10 ? "0" : "") << day << ' ' << wstr[week] << endl;
     1501:   67:        cin >> n; //Input the next test case
        -:   68:    }
     1501:   69:    return 0;
     4503:   70:}
