        -:    0:Source:testCaseWithBug2.cpp
        -:    0:Graph:testCaseWithBug2.gcno
        -:    0:Data:testCaseWithBug2.gcda
        -:    0:Runs:1767
        -:    0:Programs:1
        -:    1:#include <iostream>          //Preprocessor Directive
        -:    2:using namespace std;         //Using C＋＋ Standard Library
        -:    3:const char wstr[][20] = {"Saturday", "Sunday", "Monday", "Tuesday", "Wednesday", "Thursday", "Friday"};    //String array for the day of the week
        -:    4:
    33008:    5:int days_of_year(int year)   //  Return the number of days of year
        -:    6:{ 
    33008:    7:    if (year % 100 == 0) {
     7634:    8:        if (year % 400 == 0 ) {
     7536:    9:            return 366;
        -:   10:        } else {
       98:   11:            return 365;
        -:   12:        }
        -:   13:    }
    25374:   14:    if (year % 4 == 0 ) {
     6054:   15:        return 365; //return 366;   ### bug line! ###
        -:   16:    } else {
    19320:   17:        return 365;
        -:   18:    }
        -:   19:}
        -:   20:
    10712:   21:int days_of_month(int month, int year) // Return the number of days of month in year
        -:   22:{ 
    10712:   23:    if (month == 2) {
     2562:   24:        if (days_of_year(year)==366) {
     2135:   25:            return 29;
        -:   26:        } else {
      427:   27:            return 28;
        -:   28:        }
        -:   29:    }
        -:   30:    int d;
     8150:   31:    switch (month) {
        -:   32:        case 1: case 3: case 5: case 7: case 8:
        -:   33:        case 10: case 12:
     6301:   34:            d = 31;
     6301:   35:            break;
        -:   36:        default:
     1849:   37:            d = 30;
        -:   38:    }
     8150:   39:    return d;
        -:   40:}
        -:   41:
     1767:   42:int main(void)
        -:   43:{
        -:   44:    int n;
     1767:   45:    cin >> n;          //Input the first test case
     5301:   46:    while (n >= 0) {
        -:   47:        int year, month, day, week;
     1767:   48:        week = n % 7; // use January 1, 2000 (Saturday) as the benchmark and the beginning of a week
     1767:   49:        year = 2000;
     1767:   50:        month = 1;
     1767:   51:        day = 1;
    38419:   52:        while (n) {
    18326:   53:            if (n >= days_of_year(year)) { // Calculate the year
    12120:   54:                n -= days_of_year(year);
    12120:   55:                ++year;
     6206:   56:            } else if (n >= days_of_month(month, year)) { // Calculate the month
     4506:   57:                n -= days_of_month(month, year);
     4506:   58:                ++month;
        -:   59:            } else { // Calculate the day
     1700:   60:                day += n;
     1700:   61:                n = 0;
        -:   62:            }
        -:   63:        }
        -:   64:   //Output the date and the day of the week
     1767:   65:        cout << year << '-' << (month < 10 ? "0" : "") << month << '-'
     3534:   66:            << (day < 10 ? "0" : "") << day << ' ' << wstr[week] << endl;
     1767:   67:        cin >> n; //Input the next test case
        -:   68:    }
     1767:   69:    return 0;
     5301:   70:}
