        -:    0:Source:testCaseWithBug2.cpp
        -:    0:Graph:testCaseWithBug2.gcno
        -:    0:Data:testCaseWithBug2.gcda
        -:    0:Runs:653
        -:    0:Programs:1
        -:    1:#include <iostream>          //Preprocessor Directive
        -:    2:using namespace std;         //Using C＋＋ Standard Library
        -:    3:const char wstr[][20] = {"Saturday", "Sunday", "Monday", "Tuesday", "Wednesday", "Thursday", "Friday"};    //String array for the day of the week
        -:    4:
    12265:    5:int days_of_year(int year)   //  Return the number of days of year
        -:    6:{ 
    12265:    7:    if (year % 100 == 0) {
     2816:    8:        if (year % 400 == 0 ) {
     2772:    9:            return 366;
        -:   10:        } else {
       44:   11:            return 365;
        -:   12:        }
        -:   13:    }
     9449:   14:    if (year % 4 == 0 ) {
     2291:   15:        return 365; //return 366;   ### bug line! ###
        -:   16:    } else {
     7158:   17:        return 365;
        -:   18:    }
        -:   19:}
        -:   20:
     3932:   21:int days_of_month(int month, int year) // Return the number of days of month in year
        -:   22:{ 
     3932:   23:    if (month == 2) {
      947:   24:        if (days_of_year(year)==366) {
      783:   25:            return 29;
        -:   26:        } else {
      164:   27:            return 28;
        -:   28:        }
        -:   29:    }
        -:   30:    int d;
     2985:   31:    switch (month) {
        -:   32:        case 1: case 3: case 5: case 7: case 8:
        -:   33:        case 10: case 12:
     2315:   34:            d = 31;
     2315:   35:            break;
        -:   36:        default:
      670:   37:            d = 30;
        -:   38:    }
     2985:   39:    return d;
        -:   40:}
        -:   41:
      653:   42:int main(void)
        -:   43:{
        -:   44:    int n;
      653:   45:    cin >> n;          //Input the first test case
     1959:   46:    while (n >= 0) {
        -:   47:        int year, month, day, week;
      653:   48:        week = n % 7; // use January 1, 2000 (Saturday) as the benchmark and the beginning of a week
      653:   49:        year = 2000;
      653:   50:        month = 1;
      653:   51:        day = 1;
    14251:   52:        while (n) {
     6799:   53:            if (n >= days_of_year(year)) { // Calculate the year
     4519:   54:                n -= days_of_year(year);
     4519:   55:                ++year;
     2280:   56:            } else if (n >= days_of_month(month, year)) { // Calculate the month
     1652:   57:                n -= days_of_month(month, year);
     1652:   58:                ++month;
        -:   59:            } else { // Calculate the day
      628:   60:                day += n;
      628:   61:                n = 0;
        -:   62:            }
        -:   63:        }
        -:   64:   //Output the date and the day of the week
      653:   65:        cout << year << '-' << (month < 10 ? "0" : "") << month << '-'
     1306:   66:            << (day < 10 ? "0" : "") << day << ' ' << wstr[week] << endl;
      653:   67:        cin >> n; //Input the next test case
        -:   68:    }
      653:   69:    return 0;
     1959:   70:}
