        -:    0:Source:testCaseWithBug2.cpp
        -:    0:Graph:testCaseWithBug2.gcno
        -:    0:Data:testCaseWithBug2.gcda
        -:    0:Runs:2619
        -:    0:Programs:1
        -:    1:#include <iostream>          //Preprocessor Directive
        -:    2:using namespace std;         //Using C＋＋ Standard Library
        -:    3:const char wstr[][20] = {"Saturday", "Sunday", "Monday", "Tuesday", "Wednesday", "Thursday", "Friday"};    //String array for the day of the week
        -:    4:
    50345:    5:int days_of_year(int year)   //  Return the number of days of year
        -:    6:{ 
    50345:    7:    if (year % 100 == 0) {
    11467:    8:        if (year % 400 == 0 ) {
    11303:    9:            return 366;
        -:   10:        } else {
      164:   11:            return 365;
        -:   12:        }
        -:   13:    }
    38878:   14:    if (year % 4 == 0 ) {
     9245:   15:        return 365; //return 366;   ### bug line! ###
        -:   16:    } else {
    29633:   17:        return 365;
        -:   18:    }
        -:   19:}
        -:   20:
    15990:   21:int days_of_month(int month, int year) // Return the number of days of month in year
        -:   22:{ 
    15990:   23:    if (month == 2) {
     3852:   24:        if (days_of_year(year)==366) {
     3220:   25:            return 29;
        -:   26:        } else {
      632:   27:            return 28;
        -:   28:        }
        -:   29:    }
        -:   30:    int d;
    12138:   31:    switch (month) {
        -:   32:        case 1: case 3: case 5: case 7: case 8:
        -:   33:        case 10: case 12:
     9391:   34:            d = 31;
     9391:   35:            break;
        -:   36:        default:
     2747:   37:            d = 30;
        -:   38:    }
    12138:   39:    return d;
        -:   40:}
        -:   41:
     2619:   42:int main(void)
        -:   43:{
        -:   44:    int n;
     2619:   45:    cin >> n;          //Input the first test case
     7857:   46:    while (n >= 0) {
        -:   47:        int year, month, day, week;
     2619:   48:        week = n % 7; // use January 1, 2000 (Saturday) as the benchmark and the beginning of a week
     2619:   49:        year = 2000;
     2619:   50:        month = 1;
     2619:   51:        day = 1;
    58369:   52:        while (n) {
    27875:   53:            if (n >= days_of_year(year)) { // Calculate the year
    18618:   54:                n -= days_of_year(year);
    18618:   55:                ++year;
     9257:   56:            } else if (n >= days_of_month(month, year)) { // Calculate the month
     6733:   57:                n -= days_of_month(month, year);
     6733:   58:                ++month;
        -:   59:            } else { // Calculate the day
     2524:   60:                day += n;
     2524:   61:                n = 0;
        -:   62:            }
        -:   63:        }
        -:   64:   //Output the date and the day of the week
     2619:   65:        cout << year << '-' << (month < 10 ? "0" : "") << month << '-'
     5238:   66:            << (day < 10 ? "0" : "") << day << ' ' << wstr[week] << endl;
     2619:   67:        cin >> n; //Input the next test case
        -:   68:    }
     2619:   69:    return 0;
     7857:   70:}
