        -:    0:Source:testCase1-bug.cpp
        -:    0:Graph:testCase1-bug.gcno
        -:    0:Data:testCase1-bug.gcda
        -:    0:Runs:533
        -:    0:Programs:1
        -:    1:#include <iostream>                     // Preprocessor Directive
        -:    2:using namespace std;                    // Using C＋＋ Standard Libeary
        -:    3:const int n = 9;                         //The number of terms of a polynomial
     3357:    4:inline int fabs(int k)                     // Return the absolute value of k
        -:    5:{ 
     3357:    6:    return k < 0 ? -k : k;
        -:    7:}
     1066:    8:int main(void)                          // Main function
        -:    9:{ 
        -:   10:    int a[n];
     1599:   11:    while (cin >> a[0]) {               // Input coefficients
     4797:   12:        for (int i = 1; i < n; i++)  
     4264:   13:            cin >> a[i];
      533:   14:        bool first = true;              // Set the mark for the first term
     5330:   15:        for (int i = 0; i < n; i++)
     4797:   16:            if (a[i]) {               //Output non-zero terms
     2294:   17:                if (first) {           // Deal with the first term
      533:   18:                    if (a[i] == -1 && i < n - 1)    // The current term is -1
       19:   19:                        cout << "";
      514:   20:                    else if (a[i] != 1 || i == n - 1)   // The current is not 1
      485:   21:                        cout << a[i];
      533:   22:                    if (i == n - 2) // If the exponent is 1, don’t output the exponent; else output the exponent.
        2:   23:                        cout << 'x';
      531:   24:                    else if (i < n - 1)           
      527:   25:                        cout << "x^" << n - i - 1;
      533:   26:                    first = false;  // Reserve the mark of the first term of the polynomial
        -:   27:                } else {         //Output the sign and the absolute value
     1761:   28:                    cout << ' ' << (a[i] < 0 ? '-' : '+') << ' ';  //Output the sign
     1761:   29:                    if (fabs(a[i]) != 1 || i == n - 1)         //If the coefficient is 1, don’t output it
     1596:   30:                        cout << fabs(a[i]);
     1761:   31:                    if (i == n - 2)  // If the exponent is 1, don’t output the exponent; else output the exponent.
      246:   32:                        cout << 'x';
     1515:   33:                    else if (i < n - 1)
     1240:   34:                        cout << "x^" << n - i - 1;
        -:   35:                }
        -:   36:            }
      533:   37:        if (first)                  // If all coefficients are 0, output 0.
    #####:   38:            cout << 0;
      533:   39:        cout << endl;
        -:   40:    }
      533:   41:    return 0;
     1599:   42:}
