        -:    0:Source:testCase1-bug.cpp
        -:    0:Graph:testCase1-bug.gcno
        -:    0:Data:testCase1-bug.gcda
        -:    0:Runs:4817
        -:    0:Programs:1
        -:    1:#include <iostream>                     // Preprocessor Directive
        -:    2:using namespace std;                    // Using C＋＋ Standard Libeary
        -:    3:const int n = 9;                         //The number of terms of a polynomial
    30499:    4:inline int fabs(int k)                     // Return the absolute value of k
        -:    5:{ 
    30499:    6:    return k < 0 ? -k : k;
        -:    7:}
     9634:    8:int main(void)                          // Main function
        -:    9:{ 
        -:   10:    int a[n];
    14451:   11:    while (cin >> a[0]) {               // Input coefficients
    43353:   12:        for (int i = 1; i < n; i++)  
    38536:   13:            cin >> a[i];
     4817:   14:        bool first = true;              // Set the mark for the first term
    48170:   15:        for (int i = 0; i < n; i++)
    43353:   16:            if (a[i]) {               //Output non-zero terms
    20785:   17:                if (first) {           // Deal with the first term
     4808:   18:                    if (a[i] == -1 && i < n - 1)    // The current term is -1
      247:   19:                        cout << "";
     4561:   20:                    else if (a[i] != 1 || i == n - 1)   // The current is not 1
     4313:   21:                        cout << a[i];
     4808:   22:                    if (i == n - 2) // If the exponent is 1, don’t output the exponent; else output the exponent.
       15:   23:                        cout << 'x';
     4793:   24:                    else if (i < n - 1)           
     4777:   25:                        cout << "x^" << n - i - 1;
     4808:   26:                    first = false;  // Reserve the mark of the first term of the polynomial
        -:   27:                } else {         //Output the sign and the absolute value
    15977:   28:                    cout << ' ' << (a[i] < 0 ? '-' : '+') << ' ';  //Output the sign
    15977:   29:                    if (fabs(a[i]) != 1 || i == n - 1)         //If the coefficient is 1, don’t output it
    14522:   30:                        cout << fabs(a[i]);
    15977:   31:                    if (i == n - 2)  // If the exponent is 1, don’t output the exponent; else output the exponent.
     2273:   32:                        cout << 'x';
    13704:   33:                    else if (i < n - 1)
    11402:   34:                        cout << "x^" << n - i - 1;
        -:   35:                }
        -:   36:            }
     4817:   37:        if (first)                  // If all coefficients are 0, output 0.
        9:   38:            cout << 0;
     4817:   39:        cout << endl;
        -:   40:    }
     4817:   41:    return 0;
    14451:   42:}
