        -:    0:Source:testCaseWithBug2.cpp
        -:    0:Graph:testCaseWithBug2.gcno
        -:    0:Data:testCaseWithBug2.gcda
        -:    0:Runs:4032
        -:    0:Programs:1
        -:    1:#include <iostream>          //Preprocessor Directive
        -:    2:using namespace std;         //Using C＋＋ Standard Library
        -:    3:const char wstr[][20] = {"Saturday", "Sunday", "Monday", "Tuesday", "Wednesday", "Thursday", "Friday"};    //String array for the day of the week
        -:    4:
    77809:    5:int days_of_year(int year)   //  Return the number of days of year
        -:    6:{ 
    77809:    7:    if (year % 100 == 0) {
    17773:    8:        if (year % 400 == 0 ) {
    17511:    9:            return 366;
        -:   10:        } else {
      262:   11:            return 365;
        -:   12:        }
        -:   13:    }
    60036:   14:    if (year % 4 == 0 ) {
    14272:   15:        return 365; //return 366;   ### bug line! ###
        -:   16:    } else {
    45764:   17:        return 365;
        -:   18:    }
        -:   19:}
        -:   20:
    24599:   21:int days_of_month(int month, int year) // Return the number of days of month in year
        -:   22:{ 
    24599:   23:    if (month == 2) {
     5934:   24:        if (days_of_year(year)==366) {
     4988:   25:            return 29;
        -:   26:        } else {
      946:   27:            return 28;
        -:   28:        }
        -:   29:    }
        -:   30:    int d;
    18665:   31:    switch (month) {
        -:   32:        case 1: case 3: case 5: case 7: case 8:
        -:   33:        case 10: case 12:
    14448:   34:            d = 31;
    14448:   35:            break;
        -:   36:        default:
     4217:   37:            d = 30;
        -:   38:    }
    18665:   39:    return d;
        -:   40:}
        -:   41:
     4032:   42:int main(void)
        -:   43:{
        -:   44:    int n;
     4032:   45:    cin >> n;          //Input the first test case
    12096:   46:    while (n >= 0) {
        -:   47:        int year, month, day, week;
     4032:   48:        week = n % 7; // use January 1, 2000 (Saturday) as the benchmark and the beginning of a week
     4032:   49:        year = 2000;
     4032:   50:        month = 1;
     4032:   51:        day = 1;
    90150:   52:        while (n) {
    43059:   53:            if (n >= days_of_year(year)) { // Calculate the year
    28816:   54:                n -= days_of_year(year);
    28816:   55:                ++year;
    14243:   56:            } else if (n >= days_of_month(month, year)) { // Calculate the month
    10356:   57:                n -= days_of_month(month, year);
    10356:   58:                ++month;
        -:   59:            } else { // Calculate the day
     3887:   60:                day += n;
     3887:   61:                n = 0;
        -:   62:            }
        -:   63:        }
        -:   64:   //Output the date and the day of the week
     4032:   65:        cout << year << '-' << (month < 10 ? "0" : "") << month << '-'
     8064:   66:            << (day < 10 ? "0" : "") << day << ' ' << wstr[week] << endl;
     4032:   67:        cin >> n; //Input the next test case
        -:   68:    }
     4032:   69:    return 0;
    12096:   70:}
