        -:    0:Source:testCaseWithBug2.cpp
        -:    0:Graph:testCaseWithBug2.gcno
        -:    0:Data:testCaseWithBug2.gcda
        -:    0:Runs:2592
        -:    0:Programs:1
        -:    1:#include <iostream>          //Preprocessor Directive
        -:    2:using namespace std;         //Using C＋＋ Standard Library
        -:    3:const char wstr[][20] = {"Saturday", "Sunday", "Monday", "Tuesday", "Wednesday", "Thursday", "Friday"};    //String array for the day of the week
        -:    4:
    49893:    5:int days_of_year(int year)   //  Return the number of days of year
        -:    6:{ 
    49893:    7:    if (year % 100 == 0) {
    11341:    8:        if (year % 400 == 0 ) {
    11179:    9:            return 366;
        -:   10:        } else {
      162:   11:            return 365;
        -:   12:        }
        -:   13:    }
    38552:   14:    if (year % 4 == 0 ) {
     9171:   15:        return 365; //return 366;   ### bug line! ###
        -:   16:    } else {
    29381:   17:        return 365;
        -:   18:    }
        -:   19:}
        -:   20:
    15810:   21:int days_of_month(int month, int year) // Return the number of days of month in year
        -:   22:{ 
    15810:   23:    if (month == 2) {
     3813:   24:        if (days_of_year(year)==366) {
     3185:   25:            return 29;
        -:   26:        } else {
      628:   27:            return 28;
        -:   28:        }
        -:   29:    }
        -:   30:    int d;
    11997:   31:    switch (month) {
        -:   32:        case 1: case 3: case 5: case 7: case 8:
        -:   33:        case 10: case 12:
     9286:   34:            d = 31;
     9286:   35:            break;
        -:   36:        default:
     2711:   37:            d = 30;
        -:   38:    }
    11997:   39:    return d;
        -:   40:}
        -:   41:
     2592:   42:int main(void)
        -:   43:{
        -:   44:    int n;
     2592:   45:    cin >> n;          //Input the first test case
     7776:   46:    while (n >= 0) {
        -:   47:        int year, month, day, week;
     2592:   48:        week = n % 7; // use January 1, 2000 (Saturday) as the benchmark and the beginning of a week
     2592:   49:        year = 2000;
     2592:   50:        month = 1;
     2592:   51:        day = 1;
    57826:   52:        while (n) {
    27617:   53:            if (n >= days_of_year(year)) { // Calculate the year
    18463:   54:                n -= days_of_year(year);
    18463:   55:                ++year;
     9154:   56:            } else if (n >= days_of_month(month, year)) { // Calculate the month
     6656:   57:                n -= days_of_month(month, year);
     6656:   58:                ++month;
        -:   59:            } else { // Calculate the day
     2498:   60:                day += n;
     2498:   61:                n = 0;
        -:   62:            }
        -:   63:        }
        -:   64:   //Output the date and the day of the week
     2592:   65:        cout << year << '-' << (month < 10 ? "0" : "") << month << '-'
     5184:   66:            << (day < 10 ? "0" : "") << day << ' ' << wstr[week] << endl;
     2592:   67:        cin >> n; //Input the next test case
        -:   68:    }
     2592:   69:    return 0;
     7776:   70:}
