        -:    0:Source:testCaseWithBug2.cpp
        -:    0:Graph:testCaseWithBug2.gcno
        -:    0:Data:testCaseWithBug2.gcda
        -:    0:Runs:3324
        -:    0:Programs:1
        -:    1:#include <iostream>          //Preprocessor Directive
        -:    2:using namespace std;         //Using C＋＋ Standard Library
        -:    3:const char wstr[][20] = {"Saturday", "Sunday", "Monday", "Tuesday", "Wednesday", "Thursday", "Friday"};    //String array for the day of the week
        -:    4:
    62879:    5:int days_of_year(int year)   //  Return the number of days of year
        -:    6:{ 
    62879:    7:    if (year % 100 == 0) {
    14597:    8:        if (year % 400 == 0 ) {
    14389:    9:            return 366;
        -:   10:        } else {
      208:   11:            return 365;
        -:   12:        }
        -:   13:    }
    48282:   14:    if (year % 4 == 0 ) {
    11466:   15:        return 365; //return 366;   ### bug line! ###
        -:   16:    } else {
    36816:   17:        return 365;
        -:   18:    }
        -:   19:}
        -:   20:
    20297:   21:int days_of_month(int month, int year) // Return the number of days of month in year
        -:   22:{ 
    20297:   23:    if (month == 2) {
     4886:   24:        if (days_of_year(year)==366) {
     4099:   25:            return 29;
        -:   26:        } else {
      787:   27:            return 28;
        -:   28:        }
        -:   29:    }
        -:   30:    int d;
    15411:   31:    switch (month) {
        -:   32:        case 1: case 3: case 5: case 7: case 8:
        -:   33:        case 10: case 12:
    11920:   34:            d = 31;
    11920:   35:            break;
        -:   36:        default:
     3491:   37:            d = 30;
        -:   38:    }
    15411:   39:    return d;
        -:   40:}
        -:   41:
     3324:   42:int main(void)
        -:   43:{
        -:   44:    int n;
     3324:   45:    cin >> n;          //Input the first test case
     9972:   46:    while (n >= 0) {
        -:   47:        int year, month, day, week;
     3324:   48:        week = n % 7; // use January 1, 2000 (Saturday) as the benchmark and the beginning of a week
     3324:   49:        year = 2000;
     3324:   50:        month = 1;
     3324:   51:        day = 1;
    73066:   52:        while (n) {
    34871:   53:            if (n >= days_of_year(year)) { // Calculate the year
    23122:   54:                n -= days_of_year(year);
    23122:   55:                ++year;
    11749:   56:            } else if (n >= days_of_month(month, year)) { // Calculate the month
     8548:   57:                n -= days_of_month(month, year);
     8548:   58:                ++month;
        -:   59:            } else { // Calculate the day
     3201:   60:                day += n;
     3201:   61:                n = 0;
        -:   62:            }
        -:   63:        }
        -:   64:   //Output the date and the day of the week
     3324:   65:        cout << year << '-' << (month < 10 ? "0" : "") << month << '-'
     6648:   66:            << (day < 10 ? "0" : "") << day << ' ' << wstr[week] << endl;
     3324:   67:        cin >> n; //Input the next test case
        -:   68:    }
     3324:   69:    return 0;
     9972:   70:}
