        -:    0:Source:testCaseWithBug2.cpp
        -:    0:Graph:testCaseWithBug2.gcno
        -:    0:Data:testCaseWithBug2.gcda
        -:    0:Runs:3570
        -:    0:Programs:1
        -:    1:#include <iostream>          //Preprocessor Directive
        -:    2:using namespace std;         //Using C＋＋ Standard Library
        -:    3:const char wstr[][20] = {"Saturday", "Sunday", "Monday", "Tuesday", "Wednesday", "Thursday", "Friday"};    //String array for the day of the week
        -:    4:
    66463:    5:int days_of_year(int year)   //  Return the number of days of year
        -:    6:{ 
    66463:    7:    if (year % 100 == 0) {
    15725:    8:        if (year % 400 == 0 ) {
    15507:    9:            return 366;
        -:   10:        } else {
      218:   11:            return 365;
        -:   12:        }
        -:   13:    }
    50738:   14:    if (year % 4 == 0 ) {
    12036:   15:        return 365; //return 366;   ### bug line! ###
        -:   16:    } else {
    38702:   17:        return 365;
        -:   18:    }
        -:   19:}
        -:   20:
    21768:   21:int days_of_month(int month, int year) // Return the number of days of month in year
        -:   22:{ 
    21768:   23:    if (month == 2) {
     5247:   24:        if (days_of_year(year)==366) {
     4418:   25:            return 29;
        -:   26:        } else {
      829:   27:            return 28;
        -:   28:        }
        -:   29:    }
        -:   30:    int d;
    16521:   31:    switch (month) {
        -:   32:        case 1: case 3: case 5: case 7: case 8:
        -:   33:        case 10: case 12:
    12784:   34:            d = 31;
    12784:   35:            break;
        -:   36:        default:
     3737:   37:            d = 30;
        -:   38:    }
    16521:   39:    return d;
        -:   40:}
        -:   41:
     3570:   42:int main(void)
        -:   43:{
        -:   44:    int n;
     3570:   45:    cin >> n;          //Input the first test case
    10710:   46:    while (n >= 0) {
        -:   47:        int year, month, day, week;
     3570:   48:        week = n % 7; // use January 1, 2000 (Saturday) as the benchmark and the beginning of a week
     3570:   49:        year = 2000;
     3570:   50:        month = 1;
     3570:   51:        day = 1;
    77390:   52:        while (n) {
    36910:   53:            if (n >= days_of_year(year)) { // Calculate the year
    24306:   54:                n -= days_of_year(year);
    24306:   55:                ++year;
    12604:   56:            } else if (n >= days_of_month(month, year)) { // Calculate the month
     9164:   57:                n -= days_of_month(month, year);
     9164:   58:                ++month;
        -:   59:            } else { // Calculate the day
     3440:   60:                day += n;
     3440:   61:                n = 0;
        -:   62:            }
        -:   63:        }
        -:   64:   //Output the date and the day of the week
     3570:   65:        cout << year << '-' << (month < 10 ? "0" : "") << month << '-'
     7140:   66:            << (day < 10 ? "0" : "") << day << ' ' << wstr[week] << endl;
     3570:   67:        cin >> n; //Input the next test case
        -:   68:    }
     3570:   69:    return 0;
    10710:   70:}
