        -:    0:Source:testCaseWithBug2.cpp
        -:    0:Graph:testCaseWithBug2.gcno
        -:    0:Data:testCaseWithBug2.gcda
        -:    0:Runs:4918
        -:    0:Programs:1
        -:    1:#include <iostream>          //Preprocessor Directive
        -:    2:using namespace std;         //Using C＋＋ Standard Library
        -:    3:const char wstr[][20] = {"Saturday", "Sunday", "Monday", "Tuesday", "Wednesday", "Thursday", "Friday"};    //String array for the day of the week
        -:    4:
    98082:    5:int days_of_year(int year)   //  Return the number of days of year
        -:    6:{ 
    98082:    7:    if (year % 100 == 0) {
    21744:    8:        if (year % 400 == 0 ) {
    21393:    9:            return 366;
        -:   10:        } else {
      351:   11:            return 365;
        -:   12:        }
        -:   13:    }
    76338:   14:    if (year % 4 == 0 ) {
    18095:   15:        return 365; //return 366;   ### bug line! ###
        -:   16:    } else {
    58243:   17:        return 365;
        -:   18:    }
        -:   19:}
        -:   20:
    30058:   21:int days_of_month(int month, int year) // Return the number of days of month in year
        -:   22:{ 
    30058:   23:    if (month == 2) {
     7244:   24:        if (days_of_year(year)==366) {
     6101:   25:            return 29;
        -:   26:        } else {
     1143:   27:            return 28;
        -:   28:        }
        -:   29:    }
        -:   30:    int d;
    22814:   31:    switch (month) {
        -:   32:        case 1: case 3: case 5: case 7: case 8:
        -:   33:        case 10: case 12:
    17645:   34:            d = 31;
    17645:   35:            break;
        -:   36:        default:
     5169:   37:            d = 30;
        -:   38:    }
    22814:   39:    return d;
        -:   40:}
        -:   41:
     4918:   42:int main(void)
        -:   43:{
        -:   44:    int n;
     4918:   45:    cin >> n;          //Input the first test case
    14754:   46:    while (n >= 0) {
        -:   47:        int year, month, day, week;
     4918:   48:        week = n % 7; // use January 1, 2000 (Saturday) as the benchmark and the beginning of a week
     4918:   49:        year = 2000;
     4918:   50:        month = 1;
     4918:   51:        day = 1;
   113156:   52:        while (n) {
    54119:   53:            if (n >= days_of_year(year)) { // Calculate the year
    36719:   54:                n -= days_of_year(year);
    36719:   55:                ++year;
    17400:   56:            } else if (n >= days_of_month(month, year)) { // Calculate the month
    12658:   57:                n -= days_of_month(month, year);
    12658:   58:                ++month;
        -:   59:            } else { // Calculate the day
     4742:   60:                day += n;
     4742:   61:                n = 0;
        -:   62:            }
        -:   63:        }
        -:   64:   //Output the date and the day of the week
     4918:   65:        cout << year << '-' << (month < 10 ? "0" : "") << month << '-'
     9836:   66:            << (day < 10 ? "0" : "") << day << ' ' << wstr[week] << endl;
     4918:   67:        cin >> n; //Input the next test case
        -:   68:    }
     4918:   69:    return 0;
    14754:   70:}
