        -:    0:Source:testCase1-bug.cpp
        -:    0:Graph:testCase1-bug.gcno
        -:    0:Data:testCase1-bug.gcda
        -:    0:Runs:1088
        -:    0:Programs:1
        -:    1:#include <iostream>                     // Preprocessor Directive
        -:    2:using namespace std;                    // Using C＋＋ Standard Libeary
        -:    3:const int n = 9;                         //The number of terms of a polynomial
     6867:    4:inline int fabs(int k)                     // Return the absolute value of k
        -:    5:{ 
     6867:    6:    return k < 0 ? -k : k;
        -:    7:}
     2176:    8:int main(void)                          // Main function
        -:    9:{ 
        -:   10:    int a[n];
     3264:   11:    while (cin >> a[0]) {               // Input coefficients
     9792:   12:        for (int i = 1; i < n; i++)  
     8704:   13:            cin >> a[i];
     1088:   14:        bool first = true;              // Set the mark for the first term
    10880:   15:        for (int i = 0; i < n; i++)
     9792:   16:            if (a[i]) {               //Output non-zero terms
     4681:   17:                if (first) {           // Deal with the first term
     1086:   18:                    if (a[i] == -1 && i < n - 1)    // The current term is -1
       45:   19:                        cout << "";
     1041:   20:                    else if (a[i] != 1 || i == n - 1)   // The current is not 1
      984:   21:                        cout << a[i];
     1086:   22:                    if (i == n - 2) // If the exponent is 1, don’t output the exponent; else output the exponent.
        4:   23:                        cout << 'x';
     1082:   24:                    else if (i < n - 1)           
     1075:   25:                        cout << "x^" << n - i - 1;
     1086:   26:                    first = false;  // Reserve the mark of the first term of the polynomial
        -:   27:                } else {         //Output the sign and the absolute value
     3595:   28:                    cout << ' ' << (a[i] < 0 ? '-' : '+') << ' ';  //Output the sign
     3595:   29:                    if (fabs(a[i]) != 1 || i == n - 1)         //If the coefficient is 1, don’t output it
     3272:   30:                        cout << fabs(a[i]);
     3595:   31:                    if (i == n - 2)  // If the exponent is 1, don’t output the exponent; else output the exponent.
      525:   32:                        cout << 'x';
     3070:   33:                    else if (i < n - 1)
     2522:   34:                        cout << "x^" << n - i - 1;
        -:   35:                }
        -:   36:            }
     1088:   37:        if (first)                  // If all coefficients are 0, output 0.
        2:   38:            cout << 0;
     1088:   39:        cout << endl;
        -:   40:    }
     1088:   41:    return 0;
     3264:   42:}
