        -:    0:Source:testCaseWithBug2.cpp
        -:    0:Graph:testCaseWithBug2.gcno
        -:    0:Data:testCaseWithBug2.gcda
        -:    0:Runs:507
        -:    0:Programs:1
        -:    1:#include <iostream>          //Preprocessor Directive
        -:    2:using namespace std;         //Using C＋＋ Standard Library
        -:    3:const char wstr[][20] = {"Saturday", "Sunday", "Monday", "Tuesday", "Wednesday", "Thursday", "Friday"};    //String array for the day of the week
        -:    4:
     9113:    5:int days_of_year(int year)   //  Return the number of days of year
        -:    6:{ 
     9113:    7:    if (year % 100 == 0) {
     2191:    8:        if (year % 400 == 0 ) {
     2159:    9:            return 366;
        -:   10:        } else {
       32:   11:            return 365;
        -:   12:        }
        -:   13:    }
     6922:   14:    if (year % 4 == 0 ) {
     1644:   15:        return 365; //return 366;   ### bug line! ###
        -:   16:    } else {
     5278:   17:        return 365;
        -:   18:    }
        -:   19:}
        -:   20:
     3011:   21:int days_of_month(int month, int year) // Return the number of days of month in year
        -:   22:{ 
     3011:   23:    if (month == 2) {
      735:   24:        if (days_of_year(year)==366) {
      608:   25:            return 29;
        -:   26:        } else {
      127:   27:            return 28;
        -:   28:        }
        -:   29:    }
        -:   30:    int d;
     2276:   31:    switch (month) {
        -:   32:        case 1: case 3: case 5: case 7: case 8:
        -:   33:        case 10: case 12:
     1773:   34:            d = 31;
     1773:   35:            break;
        -:   36:        default:
      503:   37:            d = 30;
        -:   38:    }
     2276:   39:    return d;
        -:   40:}
        -:   41:
      507:   42:int main(void)
        -:   43:{
        -:   44:    int n;
      507:   45:    cin >> n;          //Input the first test case
     1521:   46:    while (n >= 0) {
        -:   47:        int year, month, day, week;
      507:   48:        week = n % 7; // use January 1, 2000 (Saturday) as the benchmark and the beginning of a week
      507:   49:        year = 2000;
      507:   50:        month = 1;
      507:   51:        day = 1;
    10635:   52:        while (n) {
     5064:   53:            if (n >= days_of_year(year)) { // Calculate the year
     3314:   54:                n -= days_of_year(year);
     3314:   55:                ++year;
     1750:   56:            } else if (n >= days_of_month(month, year)) { // Calculate the month
     1261:   57:                n -= days_of_month(month, year);
     1261:   58:                ++month;
        -:   59:            } else { // Calculate the day
      489:   60:                day += n;
      489:   61:                n = 0;
        -:   62:            }
        -:   63:        }
        -:   64:   //Output the date and the day of the week
      507:   65:        cout << year << '-' << (month < 10 ? "0" : "") << month << '-'
     1014:   66:            << (day < 10 ? "0" : "") << day << ' ' << wstr[week] << endl;
      507:   67:        cin >> n; //Input the next test case
        -:   68:    }
      507:   69:    return 0;
     1521:   70:}
