        -:    0:Source:testCase1-bug.cpp
        -:    0:Graph:testCase1-bug.gcno
        -:    0:Data:testCase1-bug.gcda
        -:    0:Runs:883
        -:    0:Programs:1
        -:    1:#include <iostream>                     // Preprocessor Directive
        -:    2:using namespace std;                    // Using C＋＋ Standard Libeary
        -:    3:const int n = 9;                         //The number of terms of a polynomial
     5564:    4:inline int fabs(int k)                     // Return the absolute value of k
        -:    5:{ 
     5564:    6:    return k < 0 ? -k : k;
        -:    7:}
     1766:    8:int main(void)                          // Main function
        -:    9:{ 
        -:   10:    int a[n];
     2649:   11:    while (cin >> a[0]) {               // Input coefficients
     7947:   12:        for (int i = 1; i < n; i++)  
     7064:   13:            cin >> a[i];
      883:   14:        bool first = true;              // Set the mark for the first term
     8830:   15:        for (int i = 0; i < n; i++)
     7947:   16:            if (a[i]) {               //Output non-zero terms
     3796:   17:                if (first) {           // Deal with the first term
      883:   18:                    if (a[i] == -1 && i < n - 1)    // The current term is -1
       35:   19:                        cout << "";
      848:   20:                    else if (a[i] != 1 || i == n - 1)   // The current is not 1
      799:   21:                        cout << a[i];
      883:   22:                    if (i == n - 2) // If the exponent is 1, don’t output the exponent; else output the exponent.
        4:   23:                        cout << 'x';
      879:   24:                    else if (i < n - 1)           
      872:   25:                        cout << "x^" << n - i - 1;
      883:   26:                    first = false;  // Reserve the mark of the first term of the polynomial
        -:   27:                } else {         //Output the sign and the absolute value
     2913:   28:                    cout << ' ' << (a[i] < 0 ? '-' : '+') << ' ';  //Output the sign
     2913:   29:                    if (fabs(a[i]) != 1 || i == n - 1)         //If the coefficient is 1, don’t output it
     2651:   30:                        cout << fabs(a[i]);
     2913:   31:                    if (i == n - 2)  // If the exponent is 1, don’t output the exponent; else output the exponent.
      430:   32:                        cout << 'x';
     2483:   33:                    else if (i < n - 1)
     2037:   34:                        cout << "x^" << n - i - 1;
        -:   35:                }
        -:   36:            }
      883:   37:        if (first)                  // If all coefficients are 0, output 0.
    #####:   38:            cout << 0;
      883:   39:        cout << endl;
        -:   40:    }
      883:   41:    return 0;
     2649:   42:}
