        -:    0:Source:testCase1-bug.cpp
        -:    0:Graph:testCase1-bug.gcno
        -:    0:Data:testCase1-bug.gcda
        -:    0:Runs:2777
        -:    0:Programs:1
        -:    1:#include <iostream>                     // Preprocessor Directive
        -:    2:using namespace std;                    // Using C＋＋ Standard Libeary
        -:    3:const int n = 9;                         //The number of terms of a polynomial
    17603:    4:inline int fabs(int k)                     // Return the absolute value of k
        -:    5:{ 
    17603:    6:    return k < 0 ? -k : k;
        -:    7:}
     5554:    8:int main(void)                          // Main function
        -:    9:{ 
        -:   10:    int a[n];
     8331:   11:    while (cin >> a[0]) {               // Input coefficients
    24993:   12:        for (int i = 1; i < n; i++)  
    22216:   13:            cin >> a[i];
     2777:   14:        bool first = true;              // Set the mark for the first term
    27770:   15:        for (int i = 0; i < n; i++)
    24993:   16:            if (a[i]) {               //Output non-zero terms
    11974:   17:                if (first) {           // Deal with the first term
     2768:   18:                    if (a[i] == -1 && i < n - 1)    // The current term is -1
      127:   19:                        cout << "";
     2641:   20:                    else if (a[i] != 1 || i == n - 1)   // The current is not 1
     2505:   21:                        cout << a[i];
     2768:   22:                    if (i == n - 2) // If the exponent is 1, don’t output the exponent; else output the exponent.
        8:   23:                        cout << 'x';
     2760:   24:                    else if (i < n - 1)           
     2748:   25:                        cout << "x^" << n - i - 1;
     2768:   26:                    first = false;  // Reserve the mark of the first term of the polynomial
        -:   27:                } else {         //Output the sign and the absolute value
     9206:   28:                    cout << ' ' << (a[i] < 0 ? '-' : '+') << ' ';  //Output the sign
     9206:   29:                    if (fabs(a[i]) != 1 || i == n - 1)         //If the coefficient is 1, don’t output it
     8397:   30:                        cout << fabs(a[i]);
     9206:   31:                    if (i == n - 2)  // If the exponent is 1, don’t output the exponent; else output the exponent.
     1309:   32:                        cout << 'x';
     7897:   33:                    else if (i < n - 1)
     6544:   34:                        cout << "x^" << n - i - 1;
        -:   35:                }
        -:   36:            }
     2777:   37:        if (first)                  // If all coefficients are 0, output 0.
        9:   38:            cout << 0;
     2777:   39:        cout << endl;
        -:   40:    }
     2777:   41:    return 0;
     8331:   42:}
