        -:    0:Source:testCaseWithBug2.cpp
        -:    0:Graph:testCaseWithBug2.gcno
        -:    0:Data:testCaseWithBug2.gcda
        -:    0:Runs:1789
        -:    0:Programs:1
        -:    1:#include <iostream>          //Preprocessor Directive
        -:    2:using namespace std;         //Using C＋＋ Standard Library
        -:    3:const char wstr[][20] = {"Saturday", "Sunday", "Monday", "Tuesday", "Wednesday", "Thursday", "Friday"};    //String array for the day of the week
        -:    4:
    33439:    5:int days_of_year(int year)   //  Return the number of days of year
        -:    6:{ 
    33439:    7:    if (year % 100 == 0) {
     7744:    8:        if (year % 400 == 0 ) {
     7646:    9:            return 366;
        -:   10:        } else {
       98:   11:            return 365;
        -:   12:        }
        -:   13:    }
    25695:   14:    if (year % 4 == 0 ) {
     6130:   15:        return 365; //return 366;   ### bug line! ###
        -:   16:    } else {
    19565:   17:        return 365;
        -:   18:    }
        -:   19:}
        -:   20:
    10864:   21:int days_of_month(int month, int year) // Return the number of days of month in year
        -:   22:{ 
    10864:   23:    if (month == 2) {
     2598:   24:        if (days_of_year(year)==366) {
     2167:   25:            return 29;
        -:   26:        } else {
      431:   27:            return 28;
        -:   28:        }
        -:   29:    }
        -:   30:    int d;
     8266:   31:    switch (month) {
        -:   32:        case 1: case 3: case 5: case 7: case 8:
        -:   33:        case 10: case 12:
     6389:   34:            d = 31;
     6389:   35:            break;
        -:   36:        default:
     1877:   37:            d = 30;
        -:   38:    }
     8266:   39:    return d;
        -:   40:}
        -:   41:
     1789:   42:int main(void)
        -:   43:{
        -:   44:    int n;
     1789:   45:    cin >> n;          //Input the first test case
     5367:   46:    while (n >= 0) {
        -:   47:        int year, month, day, week;
     1789:   48:        week = n % 7; // use January 1, 2000 (Saturday) as the benchmark and the beginning of a week
     1789:   49:        year = 2000;
     1789:   50:        month = 1;
     1789:   51:        day = 1;
    38923:   52:        while (n) {
    18567:   53:            if (n >= days_of_year(year)) { // Calculate the year
    12274:   54:                n -= days_of_year(year);
    12274:   55:                ++year;
     6293:   56:            } else if (n >= days_of_month(month, year)) { // Calculate the month
     4571:   57:                n -= days_of_month(month, year);
     4571:   58:                ++month;
        -:   59:            } else { // Calculate the day
     1722:   60:                day += n;
     1722:   61:                n = 0;
        -:   62:            }
        -:   63:        }
        -:   64:   //Output the date and the day of the week
     1789:   65:        cout << year << '-' << (month < 10 ? "0" : "") << month << '-'
     3578:   66:            << (day < 10 ? "0" : "") << day << ' ' << wstr[week] << endl;
     1789:   67:        cin >> n; //Input the next test case
        -:   68:    }
     1789:   69:    return 0;
     5367:   70:}
