        -:    0:Source:testCaseWithBug2.cpp
        -:    0:Graph:testCaseWithBug2.gcno
        -:    0:Data:testCaseWithBug2.gcda
        -:    0:Runs:606
        -:    0:Programs:1
        -:    1:#include <iostream>          //Preprocessor Directive
        -:    2:using namespace std;         //Using C＋＋ Standard Library
        -:    3:const char wstr[][20] = {"Saturday", "Sunday", "Monday", "Tuesday", "Wednesday", "Thursday", "Friday"};    //String array for the day of the week
        -:    4:
    11255:    5:int days_of_year(int year)   //  Return the number of days of year
        -:    6:{ 
    11255:    7:    if (year % 100 == 0) {
     2582:    8:        if (year % 400 == 0 ) {
     2542:    9:            return 366;
        -:   10:        } else {
       40:   11:            return 365;
        -:   12:        }
        -:   13:    }
     8673:   14:    if (year % 4 == 0 ) {
     2086:   15:        return 365; //return 366;   ### bug line! ###
        -:   16:    } else {
     6587:   17:        return 365;
        -:   18:    }
        -:   19:}
        -:   20:
     3601:   21:int days_of_month(int month, int year) // Return the number of days of month in year
        -:   22:{ 
     3601:   23:    if (month == 2) {
      869:   24:        if (days_of_year(year)==366) {
      715:   25:            return 29;
        -:   26:        } else {
      154:   27:            return 28;
        -:   28:        }
        -:   29:    }
        -:   30:    int d;
     2732:   31:    switch (month) {
        -:   32:        case 1: case 3: case 5: case 7: case 8:
        -:   33:        case 10: case 12:
     2123:   34:            d = 31;
     2123:   35:            break;
        -:   36:        default:
      609:   37:            d = 30;
        -:   38:    }
     2732:   39:    return d;
        -:   40:}
        -:   41:
      606:   42:int main(void)
        -:   43:{
        -:   44:    int n;
      606:   45:    cin >> n;          //Input the first test case
     1818:   46:    while (n >= 0) {
        -:   47:        int year, month, day, week;
      606:   48:        week = n % 7; // use January 1, 2000 (Saturday) as the benchmark and the beginning of a week
      606:   49:        year = 2000;
      606:   50:        month = 1;
      606:   51:        day = 1;
    13084:   52:        while (n) {
     6239:   53:            if (n >= days_of_year(year)) { // Calculate the year
     4147:   54:                n -= days_of_year(year);
     4147:   55:                ++year;
     2092:   56:            } else if (n >= days_of_month(month, year)) { // Calculate the month
     1509:   57:                n -= days_of_month(month, year);
     1509:   58:                ++month;
        -:   59:            } else { // Calculate the day
      583:   60:                day += n;
      583:   61:                n = 0;
        -:   62:            }
        -:   63:        }
        -:   64:   //Output the date and the day of the week
      606:   65:        cout << year << '-' << (month < 10 ? "0" : "") << month << '-'
     1212:   66:            << (day < 10 ? "0" : "") << day << ' ' << wstr[week] << endl;
      606:   67:        cin >> n; //Input the next test case
        -:   68:    }
      606:   69:    return 0;
     1818:   70:}
