        -:    0:Source:testCaseWithBug2.cpp
        -:    0:Graph:testCaseWithBug2.gcno
        -:    0:Data:testCaseWithBug2.gcda
        -:    0:Runs:3519
        -:    0:Programs:1
        -:    1:#include <iostream>          //Preprocessor Directive
        -:    2:using namespace std;         //Using C＋＋ Standard Library
        -:    3:const char wstr[][20] = {"Saturday", "Sunday", "Monday", "Tuesday", "Wednesday", "Thursday", "Friday"};    //String array for the day of the week
        -:    4:
    65520:    5:int days_of_year(int year)   //  Return the number of days of year
        -:    6:{ 
    65520:    7:    if (year % 100 == 0) {
    15507:    8:        if (year % 400 == 0 ) {
    15291:    9:            return 366;
        -:   10:        } else {
      216:   11:            return 365;
        -:   12:        }
        -:   13:    }
    50013:   14:    if (year % 4 == 0 ) {
    11860:   15:        return 365; //return 366;   ### bug line! ###
        -:   16:    } else {
    38153:   17:        return 365;
        -:   18:    }
        -:   19:}
        -:   20:
    21461:   21:int days_of_month(int month, int year) // Return the number of days of month in year
        -:   22:{ 
    21461:   23:    if (month == 2) {
     5178:   24:        if (days_of_year(year)==366) {
     4359:   25:            return 29;
        -:   26:        } else {
      819:   27:            return 28;
        -:   28:        }
        -:   29:    }
        -:   30:    int d;
    16283:   31:    switch (month) {
        -:   32:        case 1: case 3: case 5: case 7: case 8:
        -:   33:        case 10: case 12:
    12603:   34:            d = 31;
    12603:   35:            break;
        -:   36:        default:
     3680:   37:            d = 30;
        -:   38:    }
    16283:   39:    return d;
        -:   40:}
        -:   41:
     3519:   42:int main(void)
        -:   43:{
        -:   44:    int n;
     3519:   45:    cin >> n;          //Input the first test case
    10557:   46:    while (n >= 0) {
        -:   47:        int year, month, day, week;
     3519:   48:        week = n % 7; // use January 1, 2000 (Saturday) as the benchmark and the beginning of a week
     3519:   49:        year = 2000;
     3519:   50:        month = 1;
     3519:   51:        day = 1;
    76287:   52:        while (n) {
    36384:   53:            if (n >= days_of_year(year)) { // Calculate the year
    23958:   54:                n -= days_of_year(year);
    23958:   55:                ++year;
    12426:   56:            } else if (n >= days_of_month(month, year)) { // Calculate the month
     9035:   57:                n -= days_of_month(month, year);
     9035:   58:                ++month;
        -:   59:            } else { // Calculate the day
     3391:   60:                day += n;
     3391:   61:                n = 0;
        -:   62:            }
        -:   63:        }
        -:   64:   //Output the date and the day of the week
     3519:   65:        cout << year << '-' << (month < 10 ? "0" : "") << month << '-'
     7038:   66:            << (day < 10 ? "0" : "") << day << ' ' << wstr[week] << endl;
     3519:   67:        cin >> n; //Input the next test case
        -:   68:    }
     3519:   69:    return 0;
    10557:   70:}
