        -:    0:Source:testCaseWithBug2.cpp
        -:    0:Graph:testCaseWithBug2.gcno
        -:    0:Data:testCaseWithBug2.gcda
        -:    0:Runs:557
        -:    0:Programs:1
        -:    1:#include <iostream>          //Preprocessor Directive
        -:    2:using namespace std;         //Using C＋＋ Standard Library
        -:    3:const char wstr[][20] = {"Saturday", "Sunday", "Monday", "Tuesday", "Wednesday", "Thursday", "Friday"};    //String array for the day of the week
        -:    4:
     9769:    5:int days_of_year(int year)   //  Return the number of days of year
        -:    6:{ 
     9769:    7:    if (year % 100 == 0) {
     2381:    8:        if (year % 400 == 0 ) {
     2349:    9:            return 366;
        -:   10:        } else {
       32:   11:            return 365;
        -:   12:        }
        -:   13:    }
     7388:   14:    if (year % 4 == 0 ) {
     1763:   15:        return 365; //return 366;   ### bug line! ###
        -:   16:    } else {
     5625:   17:        return 365;
        -:   18:    }
        -:   19:}
        -:   20:
     3275:   21:int days_of_month(int month, int year) // Return the number of days of month in year
        -:   22:{ 
     3275:   23:    if (month == 2) {
      799:   24:        if (days_of_year(year)==366) {
      660:   25:            return 29;
        -:   26:        } else {
      139:   27:            return 28;
        -:   28:        }
        -:   29:    }
        -:   30:    int d;
     2476:   31:    switch (month) {
        -:   32:        case 1: case 3: case 5: case 7: case 8:
        -:   33:        case 10: case 12:
     1932:   34:            d = 31;
     1932:   35:            break;
        -:   36:        default:
      544:   37:            d = 30;
        -:   38:    }
     2476:   39:    return d;
        -:   40:}
        -:   41:
      557:   42:int main(void)
        -:   43:{
        -:   44:    int n;
      557:   45:    cin >> n;          //Input the first test case
     1671:   46:    while (n >= 0) {
        -:   47:        int year, month, day, week;
      557:   48:        week = n % 7; // use January 1, 2000 (Saturday) as the benchmark and the beginning of a week
      557:   49:        year = 2000;
      557:   50:        month = 1;
      557:   51:        day = 1;
    11433:   52:        while (n) {
     5438:   53:            if (n >= days_of_year(year)) { // Calculate the year
     3532:   54:                n -= days_of_year(year);
     3532:   55:                ++year;
     1906:   56:            } else if (n >= days_of_month(month, year)) { // Calculate the month
     1369:   57:                n -= days_of_month(month, year);
     1369:   58:                ++month;
        -:   59:            } else { // Calculate the day
      537:   60:                day += n;
      537:   61:                n = 0;
        -:   62:            }
        -:   63:        }
        -:   64:   //Output the date and the day of the week
      557:   65:        cout << year << '-' << (month < 10 ? "0" : "") << month << '-'
     1114:   66:            << (day < 10 ? "0" : "") << day << ' ' << wstr[week] << endl;
      557:   67:        cin >> n; //Input the next test case
        -:   68:    }
      557:   69:    return 0;
     1671:   70:}
