        -:    0:Source:testCaseWithBug2.cpp
        -:    0:Graph:testCaseWithBug2.gcno
        -:    0:Data:testCaseWithBug2.gcda
        -:    0:Runs:22
        -:    0:Programs:1
        -:    1:#include <iostream>          //Preprocessor Directive
        -:    2:using namespace std;         //Using C＋＋ Standard Library
        -:    3:const char wstr[][20] = {"Saturday", "Sunday", "Monday", "Tuesday", "Wednesday", "Thursday", "Friday"};    //String array for the day of the week
        -:    4:
      189:    5:int days_of_year(int year)   //  Return the number of days of year
        -:    6:{ 
      189:    7:    if (year % 100 == 0) {
       98:    8:        if (year % 400 == 0 ) {
       98:    9:            return 366;
        -:   10:        } else {
    #####:   11:            return 365;
        -:   12:        }
        -:   13:    }
       91:   14:    if (year % 4 == 0 ) {
       20:   15:        return 365; //return 366;   ### bug line! ###
        -:   16:    } else {
       71:   17:        return 365;
        -:   18:    }
        -:   19:}
        -:   20:
      120:   21:int days_of_month(int month, int year) // Return the number of days of month in year
        -:   22:{ 
      120:   23:    if (month == 2) {
       30:   24:        if (days_of_year(year)==366) {
       27:   25:            return 29;
        -:   26:        } else {
        3:   27:            return 28;
        -:   28:        }
        -:   29:    }
        -:   30:    int d;
       90:   31:    switch (month) {
        -:   32:        case 1: case 3: case 5: case 7: case 8:
        -:   33:        case 10: case 12:
       71:   34:            d = 31;
       71:   35:            break;
        -:   36:        default:
       19:   37:            d = 30;
        -:   38:    }
       90:   39:    return d;
        -:   40:}
        -:   41:
       22:   42:int main(void)
        -:   43:{
        -:   44:    int n;
       22:   45:    cin >> n;          //Input the first test case
       66:   46:    while (n >= 0) {
        -:   47:        int year, month, day, week;
       22:   48:        week = n % 7; // use January 1, 2000 (Saturday) as the benchmark and the beginning of a week
       22:   49:        year = 2000;
       22:   50:        month = 1;
       22:   51:        day = 1;
      252:   52:        while (n) {
      115:   53:            if (n >= days_of_year(year)) { // Calculate the year
       44:   54:                n -= days_of_year(year);
       44:   55:                ++year;
       71:   56:            } else if (n >= days_of_month(month, year)) { // Calculate the month
       49:   57:                n -= days_of_month(month, year);
       49:   58:                ++month;
        -:   59:            } else { // Calculate the day
       22:   60:                day += n;
       22:   61:                n = 0;
        -:   62:            }
        -:   63:        }
        -:   64:   //Output the date and the day of the week
       22:   65:        cout << year << '-' << (month < 10 ? "0" : "") << month << '-'
       44:   66:            << (day < 10 ? "0" : "") << day << ' ' << wstr[week] << endl;
       22:   67:        cin >> n; //Input the next test case
        -:   68:    }
       22:   69:    return 0;
       66:   70:}
