        -:    0:Source:testCaseWithBug2.cpp
        -:    0:Graph:testCaseWithBug2.gcno
        -:    0:Data:testCaseWithBug2.gcda
        -:    0:Runs:395
        -:    0:Programs:1
        -:    1:#include <iostream>          //Preprocessor Directive
        -:    2:using namespace std;         //Using C＋＋ Standard Library
        -:    3:const char wstr[][20] = {"Saturday", "Sunday", "Monday", "Tuesday", "Wednesday", "Thursday", "Friday"};    //String array for the day of the week
        -:    4:
     7030:    5:int days_of_year(int year)   //  Return the number of days of year
        -:    6:{ 
     7030:    7:    if (year % 100 == 0) {
     1717:    8:        if (year % 400 == 0 ) {
     1693:    9:            return 366;
        -:   10:        } else {
       24:   11:            return 365;
        -:   12:        }
        -:   13:    }
     5313:   14:    if (year % 4 == 0 ) {
     1265:   15:        return 365; //return 366;   ### bug line! ###
        -:   16:    } else {
     4048:   17:        return 365;
        -:   18:    }
        -:   19:}
        -:   20:
     2337:   21:int days_of_month(int month, int year) // Return the number of days of month in year
        -:   22:{ 
     2337:   23:    if (month == 2) {
      578:   24:        if (days_of_year(year)==366) {
      478:   25:            return 29;
        -:   26:        } else {
      100:   27:            return 28;
        -:   28:        }
        -:   29:    }
        -:   30:    int d;
     1759:   31:    switch (month) {
        -:   32:        case 1: case 3: case 5: case 7: case 8:
        -:   33:        case 10: case 12:
     1376:   34:            d = 31;
     1376:   35:            break;
        -:   36:        default:
      383:   37:            d = 30;
        -:   38:    }
     1759:   39:    return d;
        -:   40:}
        -:   41:
      395:   42:int main(void)
        -:   43:{
        -:   44:    int n;
      395:   45:    cin >> n;          //Input the first test case
     1185:   46:    while (n >= 0) {
        -:   47:        int year, month, day, week;
      395:   48:        week = n % 7; // use January 1, 2000 (Saturday) as the benchmark and the beginning of a week
      395:   49:        year = 2000;
      395:   50:        month = 1;
      395:   51:        day = 1;
     8205:   52:        while (n) {
     3905:   53:            if (n >= days_of_year(year)) { // Calculate the year
     2547:   54:                n -= days_of_year(year);
     2547:   55:                ++year;
     1358:   56:            } else if (n >= days_of_month(month, year)) { // Calculate the month
      979:   57:                n -= days_of_month(month, year);
      979:   58:                ++month;
        -:   59:            } else { // Calculate the day
      379:   60:                day += n;
      379:   61:                n = 0;
        -:   62:            }
        -:   63:        }
        -:   64:   //Output the date and the day of the week
      395:   65:        cout << year << '-' << (month < 10 ? "0" : "") << month << '-'
      790:   66:            << (day < 10 ? "0" : "") << day << ' ' << wstr[week] << endl;
      395:   67:        cin >> n; //Input the next test case
        -:   68:    }
      395:   69:    return 0;
     1185:   70:}
