        -:    0:Source:testCaseWithBug2.cpp
        -:    0:Graph:testCaseWithBug2.gcno
        -:    0:Data:testCaseWithBug2.gcda
        -:    0:Runs:4719
        -:    0:Programs:1
        -:    1:#include <iostream>          //Preprocessor Directive
        -:    2:using namespace std;         //Using C＋＋ Standard Library
        -:    3:const char wstr[][20] = {"Saturday", "Sunday", "Monday", "Tuesday", "Wednesday", "Thursday", "Friday"};    //String array for the day of the week
        -:    4:
    92658:    5:int days_of_year(int year)   //  Return the number of days of year
        -:    6:{ 
    92658:    7:    if (year % 100 == 0) {
    20835:    8:        if (year % 400 == 0 ) {
    20510:    9:            return 366;
        -:   10:        } else {
      325:   11:            return 365;
        -:   12:        }
        -:   13:    }
    71823:   14:    if (year % 4 == 0 ) {
    17034:   15:        return 365; //return 366;   ### bug line! ###
        -:   16:    } else {
    54789:   17:        return 365;
        -:   18:    }
        -:   19:}
        -:   20:
    28795:   21:int days_of_month(int month, int year) // Return the number of days of month in year
        -:   22:{ 
    28795:   23:    if (month == 2) {
     6934:   24:        if (days_of_year(year)==366) {
     5846:   25:            return 29;
        -:   26:        } else {
     1088:   27:            return 28;
        -:   28:        }
        -:   29:    }
        -:   30:    int d;
    21861:   31:    switch (month) {
        -:   32:        case 1: case 3: case 5: case 7: case 8:
        -:   33:        case 10: case 12:
    16907:   34:            d = 31;
    16907:   35:            break;
        -:   36:        default:
     4954:   37:            d = 30;
        -:   38:    }
    21861:   39:    return d;
        -:   40:}
        -:   41:
     4719:   42:int main(void)
        -:   43:{
        -:   44:    int n;
     4719:   45:    cin >> n;          //Input the first test case
    14157:   46:    while (n >= 0) {
        -:   47:        int year, month, day, week;
     4719:   48:        week = n % 7; // use January 1, 2000 (Saturday) as the benchmark and the beginning of a week
     4719:   49:        year = 2000;
     4719:   50:        month = 1;
     4719:   51:        day = 1;
   107115:   52:        while (n) {
    51198:   53:            if (n >= days_of_year(year)) { // Calculate the year
    34526:   54:                n -= days_of_year(year);
    34526:   55:                ++year;
    16672:   56:            } else if (n >= days_of_month(month, year)) { // Calculate the month
    12123:   57:                n -= days_of_month(month, year);
    12123:   58:                ++month;
        -:   59:            } else { // Calculate the day
     4549:   60:                day += n;
     4549:   61:                n = 0;
        -:   62:            }
        -:   63:        }
        -:   64:   //Output the date and the day of the week
     4719:   65:        cout << year << '-' << (month < 10 ? "0" : "") << month << '-'
     9438:   66:            << (day < 10 ? "0" : "") << day << ' ' << wstr[week] << endl;
     4719:   67:        cin >> n; //Input the next test case
        -:   68:    }
     4719:   69:    return 0;
    14157:   70:}
