        -:    0:Source:testCaseWithBug2.cpp
        -:    0:Graph:testCaseWithBug2.gcno
        -:    0:Data:testCaseWithBug2.gcda
        -:    0:Runs:1044
        -:    0:Programs:1
        -:    1:#include <iostream>          //Preprocessor Directive
        -:    2:using namespace std;         //Using C＋＋ Standard Library
        -:    3:const char wstr[][20] = {"Saturday", "Sunday", "Monday", "Tuesday", "Wednesday", "Thursday", "Friday"};    //String array for the day of the week
        -:    4:
    19916:    5:int days_of_year(int year)   //  Return the number of days of year
        -:    6:{ 
    19916:    7:    if (year % 100 == 0) {
     4487:    8:        if (year % 400 == 0 ) {
     4421:    9:            return 366;
        -:   10:        } else {
       66:   11:            return 365;
        -:   12:        }
        -:   13:    }
    15429:   14:    if (year % 4 == 0 ) {
     3717:   15:        return 365; //return 366;   ### bug line! ###
        -:   16:    } else {
    11712:   17:        return 365;
        -:   18:    }
        -:   19:}
        -:   20:
     6305:   21:int days_of_month(int month, int year) // Return the number of days of month in year
        -:   22:{ 
     6305:   23:    if (month == 2) {
     1516:   24:        if (days_of_year(year)==366) {
     1248:   25:            return 29;
        -:   26:        } else {
      268:   27:            return 28;
        -:   28:        }
        -:   29:    }
        -:   30:    int d;
     4789:   31:    switch (month) {
        -:   32:        case 1: case 3: case 5: case 7: case 8:
        -:   33:        case 10: case 12:
     3709:   34:            d = 31;
     3709:   35:            break;
        -:   36:        default:
     1080:   37:            d = 30;
        -:   38:    }
     4789:   39:    return d;
        -:   40:}
        -:   41:
     1044:   42:int main(void)
        -:   43:{
        -:   44:    int n;
     1044:   45:    cin >> n;          //Input the first test case
     3132:   46:    while (n >= 0) {
        -:   47:        int year, month, day, week;
     1044:   48:        week = n % 7; // use January 1, 2000 (Saturday) as the benchmark and the beginning of a week
     1044:   49:        year = 2000;
     1044:   50:        month = 1;
     1044:   51:        day = 1;
    23100:   52:        while (n) {
    11028:   53:            if (n >= days_of_year(year)) { // Calculate the year
     7372:   54:                n -= days_of_year(year);
     7372:   55:                ++year;
     3656:   56:            } else if (n >= days_of_month(month, year)) { // Calculate the month
     2649:   57:                n -= days_of_month(month, year);
     2649:   58:                ++month;
        -:   59:            } else { // Calculate the day
     1007:   60:                day += n;
     1007:   61:                n = 0;
        -:   62:            }
        -:   63:        }
        -:   64:   //Output the date and the day of the week
     1044:   65:        cout << year << '-' << (month < 10 ? "0" : "") << month << '-'
     2088:   66:            << (day < 10 ? "0" : "") << day << ' ' << wstr[week] << endl;
     1044:   67:        cin >> n; //Input the next test case
        -:   68:    }
     1044:   69:    return 0;
     3132:   70:}
