        -:    0:Source:testCaseWithBug2.cpp
        -:    0:Graph:testCaseWithBug2.gcno
        -:    0:Data:testCaseWithBug2.gcda
        -:    0:Runs:2406
        -:    0:Programs:1
        -:    1:#include <iostream>          //Preprocessor Directive
        -:    2:using namespace std;         //Using C＋＋ Standard Library
        -:    3:const char wstr[][20] = {"Saturday", "Sunday", "Monday", "Tuesday", "Wednesday", "Thursday", "Friday"};    //String array for the day of the week
        -:    4:
    46547:    5:int days_of_year(int year)   //  Return the number of days of year
        -:    6:{ 
    46547:    7:    if (year % 100 == 0) {
    10479:    8:        if (year % 400 == 0 ) {
    10329:    9:            return 366;
        -:   10:        } else {
      150:   11:            return 365;
        -:   12:        }
        -:   13:    }
    36068:   14:    if (year % 4 == 0 ) {
     8595:   15:        return 365; //return 366;   ### bug line! ###
        -:   16:    } else {
    27473:   17:        return 365;
        -:   18:    }
        -:   19:}
        -:   20:
    14667:   21:int days_of_month(int month, int year) // Return the number of days of month in year
        -:   22:{ 
    14667:   23:    if (month == 2) {
     3536:   24:        if (days_of_year(year)==366) {
     2942:   25:            return 29;
        -:   26:        } else {
      594:   27:            return 28;
        -:   28:        }
        -:   29:    }
        -:   30:    int d;
    11131:   31:    switch (month) {
        -:   32:        case 1: case 3: case 5: case 7: case 8:
        -:   33:        case 10: case 12:
     8618:   34:            d = 31;
     8618:   35:            break;
        -:   36:        default:
     2513:   37:            d = 30;
        -:   38:    }
    11131:   39:    return d;
        -:   40:}
        -:   41:
     2406:   42:int main(void)
        -:   43:{
        -:   44:    int n;
     2406:   45:    cin >> n;          //Input the first test case
     7218:   46:    while (n >= 0) {
        -:   47:        int year, month, day, week;
     2406:   48:        week = n % 7; // use January 1, 2000 (Saturday) as the benchmark and the beginning of a week
     2406:   49:        year = 2000;
     2406:   50:        month = 1;
     2406:   51:        day = 1;
    53910:   52:        while (n) {
    25752:   53:            if (n >= days_of_year(year)) { // Calculate the year
    17259:   54:                n -= days_of_year(year);
    17259:   55:                ++year;
     8493:   56:            } else if (n >= days_of_month(month, year)) { // Calculate the month
     6174:   57:                n -= days_of_month(month, year);
     6174:   58:                ++month;
        -:   59:            } else { // Calculate the day
     2319:   60:                day += n;
     2319:   61:                n = 0;
        -:   62:            }
        -:   63:        }
        -:   64:   //Output the date and the day of the week
     2406:   65:        cout << year << '-' << (month < 10 ? "0" : "") << month << '-'
     4812:   66:            << (day < 10 ? "0" : "") << day << ' ' << wstr[week] << endl;
     2406:   67:        cin >> n; //Input the next test case
        -:   68:    }
     2406:   69:    return 0;
     7218:   70:}
