        -:    0:Source:testCaseWithBug2.cpp
        -:    0:Graph:testCaseWithBug2.gcno
        -:    0:Data:testCaseWithBug2.gcda
        -:    0:Runs:149
        -:    0:Programs:1
        -:    1:#include <iostream>          //Preprocessor Directive
        -:    2:using namespace std;         //Using C＋＋ Standard Library
        -:    3:const char wstr[][20] = {"Saturday", "Sunday", "Monday", "Tuesday", "Wednesday", "Thursday", "Friday"};    //String array for the day of the week
        -:    4:
     3046:    5:int days_of_year(int year)   //  Return the number of days of year
        -:    6:{ 
     3046:    7:    if (year % 100 == 0) {
      645:    8:        if (year % 400 == 0 ) {
      635:    9:            return 366;
        -:   10:        } else {
       10:   11:            return 365;
        -:   12:        }
        -:   13:    }
     2401:   14:    if (year % 4 == 0 ) {
      572:   15:        return 365; //return 366;   ### bug line! ###
        -:   16:    } else {
     1829:   17:        return 365;
        -:   18:    }
        -:   19:}
        -:   20:
      909:   21:int days_of_month(int month, int year) // Return the number of days of month in year
        -:   22:{ 
      909:   23:    if (month == 2) {
      220:   24:        if (days_of_year(year)==366) {
      180:   25:            return 29;
        -:   26:        } else {
       40:   27:            return 28;
        -:   28:        }
        -:   29:    }
        -:   30:    int d;
      689:   31:    switch (month) {
        -:   32:        case 1: case 3: case 5: case 7: case 8:
        -:   33:        case 10: case 12:
      532:   34:            d = 31;
      532:   35:            break;
        -:   36:        default:
      157:   37:            d = 30;
        -:   38:    }
      689:   39:    return d;
        -:   40:}
        -:   41:
      149:   42:int main(void)
        -:   43:{
        -:   44:    int n;
      149:   45:    cin >> n;          //Input the first test case
      447:   46:    while (n >= 0) {
        -:   47:        int year, month, day, week;
      149:   48:        week = n % 7; // use January 1, 2000 (Saturday) as the benchmark and the beginning of a week
      149:   49:        year = 2000;
      149:   50:        month = 1;
      149:   51:        day = 1;
     3499:   52:        while (n) {
     1675:   53:            if (n >= days_of_year(year)) { // Calculate the year
     1151:   54:                n -= days_of_year(year);
     1151:   55:                ++year;
      524:   56:            } else if (n >= days_of_month(month, year)) { // Calculate the month
      385:   57:                n -= days_of_month(month, year);
      385:   58:                ++month;
        -:   59:            } else { // Calculate the day
      139:   60:                day += n;
      139:   61:                n = 0;
        -:   62:            }
        -:   63:        }
        -:   64:   //Output the date and the day of the week
      149:   65:        cout << year << '-' << (month < 10 ? "0" : "") << month << '-'
      298:   66:            << (day < 10 ? "0" : "") << day << ' ' << wstr[week] << endl;
      149:   67:        cin >> n; //Input the next test case
        -:   68:    }
      149:   69:    return 0;
      447:   70:}
