        -:    0:Source:testCaseWithBug2.cpp
        -:    0:Graph:testCaseWithBug2.gcno
        -:    0:Data:testCaseWithBug2.gcda
        -:    0:Runs:4444
        -:    0:Programs:1
        -:    1:#include <iostream>          //Preprocessor Directive
        -:    2:using namespace std;         //Using C＋＋ Standard Library
        -:    3:const char wstr[][20] = {"Saturday", "Sunday", "Monday", "Tuesday", "Wednesday", "Thursday", "Friday"};    //String array for the day of the week
        -:    4:
    86311:    5:int days_of_year(int year)   //  Return the number of days of year
        -:    6:{ 
    86311:    7:    if (year % 100 == 0) {
    19596:    8:        if (year % 400 == 0 ) {
    19308:    9:            return 366;
        -:   10:        } else {
      288:   11:            return 365;
        -:   12:        }
        -:   13:    }
    66715:   14:    if (year % 4 == 0 ) {
    15842:   15:        return 365; //return 366;   ### bug line! ###
        -:   16:    } else {
    50873:   17:        return 365;
        -:   18:    }
        -:   19:}
        -:   20:
    27109:   21:int days_of_month(int month, int year) // Return the number of days of month in year
        -:   22:{ 
    27109:   23:    if (month == 2) {
     6527:   24:        if (days_of_year(year)==366) {
     5503:   25:            return 29;
        -:   26:        } else {
     1024:   27:            return 28;
        -:   28:        }
        -:   29:    }
        -:   30:    int d;
    20582:   31:    switch (month) {
        -:   32:        case 1: case 3: case 5: case 7: case 8:
        -:   33:        case 10: case 12:
    15921:   34:            d = 31;
    15921:   35:            break;
        -:   36:        default:
     4661:   37:            d = 30;
        -:   38:    }
    20582:   39:    return d;
        -:   40:}
        -:   41:
     4444:   42:int main(void)
        -:   43:{
        -:   44:    int n;
     4444:   45:    cin >> n;          //Input the first test case
    13332:   46:    while (n >= 0) {
        -:   47:        int year, month, day, week;
     4444:   48:        week = n % 7; // use January 1, 2000 (Saturday) as the benchmark and the beginning of a week
     4444:   49:        year = 2000;
     4444:   50:        month = 1;
     4444:   51:        day = 1;
    99926:   52:        while (n) {
    47741:   53:            if (n >= days_of_year(year)) { // Calculate the year
    32043:   54:                n -= days_of_year(year);
    32043:   55:                ++year;
    15698:   56:            } else if (n >= days_of_month(month, year)) { // Calculate the month
    11411:   57:                n -= days_of_month(month, year);
    11411:   58:                ++month;
        -:   59:            } else { // Calculate the day
     4287:   60:                day += n;
     4287:   61:                n = 0;
        -:   62:            }
        -:   63:        }
        -:   64:   //Output the date and the day of the week
     4444:   65:        cout << year << '-' << (month < 10 ? "0" : "") << month << '-'
     8888:   66:            << (day < 10 ? "0" : "") << day << ' ' << wstr[week] << endl;
     4444:   67:        cin >> n; //Input the next test case
        -:   68:    }
     4444:   69:    return 0;
    13332:   70:}
