        -:    0:Source:testCase1-bug.cpp
        -:    0:Graph:testCase1-bug.gcno
        -:    0:Data:testCase1-bug.gcda
        -:    0:Runs:3981
        -:    0:Programs:1
        -:    1:#include <iostream>                     // Preprocessor Directive
        -:    2:using namespace std;                    // Using C＋＋ Standard Libeary
        -:    3:const int n = 9;                         //The number of terms of a polynomial
    25241:    4:inline int fabs(int k)                     // Return the absolute value of k
        -:    5:{ 
    25241:    6:    return k < 0 ? -k : k;
        -:    7:}
     7962:    8:int main(void)                          // Main function
        -:    9:{ 
        -:   10:    int a[n];
    11943:   11:    while (cin >> a[0]) {               // Input coefficients
    35829:   12:        for (int i = 1; i < n; i++)  
    31848:   13:            cin >> a[i];
     3981:   14:        bool first = true;              // Set the mark for the first term
    39810:   15:        for (int i = 0; i < n; i++)
    35829:   16:            if (a[i]) {               //Output non-zero terms
    17183:   17:                if (first) {           // Deal with the first term
     3972:   18:                    if (a[i] == -1 && i < n - 1)    // The current term is -1
      197:   19:                        cout << "";
     3775:   20:                    else if (a[i] != 1 || i == n - 1)   // The current is not 1
     3569:   21:                        cout << a[i];
     3972:   22:                    if (i == n - 2) // If the exponent is 1, don’t output the exponent; else output the exponent.
       15:   23:                        cout << 'x';
     3957:   24:                    else if (i < n - 1)           
     3941:   25:                        cout << "x^" << n - i - 1;
     3972:   26:                    first = false;  // Reserve the mark of the first term of the polynomial
        -:   27:                } else {         //Output the sign and the absolute value
    13211:   28:                    cout << ' ' << (a[i] < 0 ? '-' : '+') << ' ';  //Output the sign
    13211:   29:                    if (fabs(a[i]) != 1 || i == n - 1)         //If the coefficient is 1, don’t output it
    12030:   30:                        cout << fabs(a[i]);
    13211:   31:                    if (i == n - 2)  // If the exponent is 1, don’t output the exponent; else output the exponent.
     1878:   32:                        cout << 'x';
    11333:   33:                    else if (i < n - 1)
     9427:   34:                        cout << "x^" << n - i - 1;
        -:   35:                }
        -:   36:            }
     3981:   37:        if (first)                  // If all coefficients are 0, output 0.
        9:   38:            cout << 0;
     3981:   39:        cout << endl;
        -:   40:    }
     3981:   41:    return 0;
    11943:   42:}
