        -:    0:Source:testCaseWithBug2.cpp
        -:    0:Graph:testCaseWithBug2.gcno
        -:    0:Data:testCaseWithBug2.gcda
        -:    0:Runs:985
        -:    0:Programs:1
        -:    1:#include <iostream>          //Preprocessor Directive
        -:    2:using namespace std;         //Using C＋＋ Standard Library
        -:    3:const char wstr[][20] = {"Saturday", "Sunday", "Monday", "Tuesday", "Wednesday", "Thursday", "Friday"};    //String array for the day of the week
        -:    4:
    19075:    5:int days_of_year(int year)   //  Return the number of days of year
        -:    6:{ 
    19075:    7:    if (year % 100 == 0) {
     4218:    8:        if (year % 400 == 0 ) {
     4154:    9:            return 366;
        -:   10:        } else {
       64:   11:            return 365;
        -:   12:        }
        -:   13:    }
    14857:   14:    if (year % 4 == 0 ) {
     3585:   15:        return 365; //return 366;   ### bug line! ###
        -:   16:    } else {
    11272:   17:        return 365;
        -:   18:    }
        -:   19:}
        -:   20:
     5965:   21:int days_of_month(int month, int year) // Return the number of days of month in year
        -:   22:{ 
     5965:   23:    if (month == 2) {
     1428:   24:        if (days_of_year(year)==366) {
     1169:   25:            return 29;
        -:   26:        } else {
      259:   27:            return 28;
        -:   28:        }
        -:   29:    }
        -:   30:    int d;
     4537:   31:    switch (month) {
        -:   32:        case 1: case 3: case 5: case 7: case 8:
        -:   33:        case 10: case 12:
     3510:   34:            d = 31;
     3510:   35:            break;
        -:   36:        default:
     1027:   37:            d = 30;
        -:   38:    }
     4537:   39:    return d;
        -:   40:}
        -:   41:
      985:   42:int main(void)
        -:   43:{
        -:   44:    int n;
      985:   45:    cin >> n;          //Input the first test case
     2955:   46:    while (n >= 0) {
        -:   47:        int year, month, day, week;
      985:   48:        week = n % 7; // use January 1, 2000 (Saturday) as the benchmark and the beginning of a week
      985:   49:        year = 2000;
      985:   50:        month = 1;
      985:   51:        day = 1;
    22089:   52:        while (n) {
    10552:   53:            if (n >= days_of_year(year)) { // Calculate the year
     7095:   54:                n -= days_of_year(year);
     7095:   55:                ++year;
     3457:   56:            } else if (n >= days_of_month(month, year)) { // Calculate the month
     2508:   57:                n -= days_of_month(month, year);
     2508:   58:                ++month;
        -:   59:            } else { // Calculate the day
      949:   60:                day += n;
      949:   61:                n = 0;
        -:   62:            }
        -:   63:        }
        -:   64:   //Output the date and the day of the week
      985:   65:        cout << year << '-' << (month < 10 ? "0" : "") << month << '-'
     1970:   66:            << (day < 10 ? "0" : "") << day << ' ' << wstr[week] << endl;
      985:   67:        cin >> n; //Input the next test case
        -:   68:    }
      985:   69:    return 0;
     2955:   70:}
