        -:    0:Source:testCaseWithBug2.cpp
        -:    0:Graph:testCaseWithBug2.gcno
        -:    0:Data:testCaseWithBug2.gcda
        -:    0:Runs:3116
        -:    0:Programs:1
        -:    1:#include <iostream>          //Preprocessor Directive
        -:    2:using namespace std;         //Using C＋＋ Standard Library
        -:    3:const char wstr[][20] = {"Saturday", "Sunday", "Monday", "Tuesday", "Wednesday", "Thursday", "Friday"};    //String array for the day of the week
        -:    4:
    59804:    5:int days_of_year(int year)   //  Return the number of days of year
        -:    6:{ 
    59804:    7:    if (year % 100 == 0) {
    13653:    8:        if (year % 400 == 0 ) {
    13455:    9:            return 366;
        -:   10:        } else {
      198:   11:            return 365;
        -:   12:        }
        -:   13:    }
    46151:   14:    if (year % 4 == 0 ) {
    10947:   15:        return 365; //return 366;   ### bug line! ###
        -:   16:    } else {
    35204:   17:        return 365;
        -:   18:    }
        -:   19:}
        -:   20:
    19036:   21:int days_of_month(int month, int year) // Return the number of days of month in year
        -:   22:{ 
    19036:   23:    if (month == 2) {
     4585:   24:        if (days_of_year(year)==366) {
     3828:   25:            return 29;
        -:   26:        } else {
      757:   27:            return 28;
        -:   28:        }
        -:   29:    }
        -:   30:    int d;
    14451:   31:    switch (month) {
        -:   32:        case 1: case 3: case 5: case 7: case 8:
        -:   33:        case 10: case 12:
    11178:   34:            d = 31;
    11178:   35:            break;
        -:   36:        default:
     3273:   37:            d = 30;
        -:   38:    }
    14451:   39:    return d;
        -:   40:}
        -:   41:
     3116:   42:int main(void)
        -:   43:{
        -:   44:    int n;
     3116:   45:    cin >> n;          //Input the first test case
     9348:   46:    while (n >= 0) {
        -:   47:        int year, month, day, week;
     3116:   48:        week = n % 7; // use January 1, 2000 (Saturday) as the benchmark and the beginning of a week
     3116:   49:        year = 2000;
     3116:   50:        month = 1;
     3116:   51:        day = 1;
    69352:   52:        while (n) {
    33118:   53:            if (n >= days_of_year(year)) { // Calculate the year
    22101:   54:                n -= days_of_year(year);
    22101:   55:                ++year;
    11017:   56:            } else if (n >= days_of_month(month, year)) { // Calculate the month
     8019:   57:                n -= days_of_month(month, year);
     8019:   58:                ++month;
        -:   59:            } else { // Calculate the day
     2998:   60:                day += n;
     2998:   61:                n = 0;
        -:   62:            }
        -:   63:        }
        -:   64:   //Output the date and the day of the week
     3116:   65:        cout << year << '-' << (month < 10 ? "0" : "") << month << '-'
     6232:   66:            << (day < 10 ? "0" : "") << day << ' ' << wstr[week] << endl;
     3116:   67:        cin >> n; //Input the next test case
        -:   68:    }
     3116:   69:    return 0;
     9348:   70:}
