        -:    0:Source:testCaseWithBug2.cpp
        -:    0:Graph:testCaseWithBug2.gcno
        -:    0:Data:testCaseWithBug2.gcda
        -:    0:Runs:4302
        -:    0:Programs:1
        -:    1:#include <iostream>          //Preprocessor Directive
        -:    2:using namespace std;         //Using C＋＋ Standard Library
        -:    3:const char wstr[][20] = {"Saturday", "Sunday", "Monday", "Tuesday", "Wednesday", "Thursday", "Friday"};    //String array for the day of the week
        -:    4:
    82093:    5:int days_of_year(int year)   //  Return the number of days of year
        -:    6:{ 
    82093:    7:    if (year % 100 == 0) {
    18977:    8:        if (year % 400 == 0 ) {
    18707:    9:            return 366;
        -:   10:        } else {
      270:   11:            return 365;
        -:   12:        }
        -:   13:    }
    63116:   14:    if (year % 4 == 0 ) {
    14998:   15:        return 365; //return 366;   ### bug line! ###
        -:   16:    } else {
    48118:   17:        return 365;
        -:   18:    }
        -:   19:}
        -:   20:
    26206:   21:int days_of_month(int month, int year) // Return the number of days of month in year
        -:   22:{ 
    26206:   23:    if (month == 2) {
     6317:   24:        if (days_of_year(year)==366) {
     5334:   25:            return 29;
        -:   26:        } else {
      983:   27:            return 28;
        -:   28:        }
        -:   29:    }
        -:   30:    int d;
    19889:   31:    switch (month) {
        -:   32:        case 1: case 3: case 5: case 7: case 8:
        -:   33:        case 10: case 12:
    15394:   34:            d = 31;
    15394:   35:            break;
        -:   36:        default:
     4495:   37:            d = 30;
        -:   38:    }
    19889:   39:    return d;
        -:   40:}
        -:   41:
     4302:   42:int main(void)
        -:   43:{
        -:   44:    int n;
     4302:   45:    cin >> n;          //Input the first test case
    12906:   46:    while (n >= 0) {
        -:   47:        int year, month, day, week;
     4302:   48:        week = n % 7; // use January 1, 2000 (Saturday) as the benchmark and the beginning of a week
     4302:   49:        year = 2000;
     4302:   50:        month = 1;
     4302:   51:        day = 1;
    95256:   52:        while (n) {
    45477:   53:            if (n >= days_of_year(year)) { // Calculate the year
    30299:   54:                n -= days_of_year(year);
    30299:   55:                ++year;
    15178:   56:            } else if (n >= days_of_month(month, year)) { // Calculate the month
    11028:   57:                n -= days_of_month(month, year);
    11028:   58:                ++month;
        -:   59:            } else { // Calculate the day
     4150:   60:                day += n;
     4150:   61:                n = 0;
        -:   62:            }
        -:   63:        }
        -:   64:   //Output the date and the day of the week
     4302:   65:        cout << year << '-' << (month < 10 ? "0" : "") << month << '-'
     8604:   66:            << (day < 10 ? "0" : "") << day << ' ' << wstr[week] << endl;
     4302:   67:        cin >> n; //Input the next test case
        -:   68:    }
     4302:   69:    return 0;
    12906:   70:}
