        -:    0:Source:testCase1-bug.cpp
        -:    0:Graph:testCase1-bug.gcno
        -:    0:Data:testCase1-bug.gcda
        -:    0:Runs:1899
        -:    0:Programs:1
        -:    1:#include <iostream>                     // Preprocessor Directive
        -:    2:using namespace std;                    // Using C＋＋ Standard Libeary
        -:    3:const int n = 9;                         //The number of terms of a polynomial
    12066:    4:inline int fabs(int k)                     // Return the absolute value of k
        -:    5:{ 
    12066:    6:    return k < 0 ? -k : k;
        -:    7:}
     3798:    8:int main(void)                          // Main function
        -:    9:{ 
        -:   10:    int a[n];
     5697:   11:    while (cin >> a[0]) {               // Input coefficients
    17091:   12:        for (int i = 1; i < n; i++)  
    15192:   13:            cin >> a[i];
     1899:   14:        bool first = true;              // Set the mark for the first term
    18990:   15:        for (int i = 0; i < n; i++)
    17091:   16:            if (a[i]) {               //Output non-zero terms
     8208:   17:                if (first) {           // Deal with the first term
     1893:   18:                    if (a[i] == -1 && i < n - 1)    // The current term is -1
       92:   19:                        cout << "";
     1801:   20:                    else if (a[i] != 1 || i == n - 1)   // The current is not 1
     1702:   21:                        cout << a[i];
     1893:   22:                    if (i == n - 2) // If the exponent is 1, don’t output the exponent; else output the exponent.
        6:   23:                        cout << 'x';
     1887:   24:                    else if (i < n - 1)           
     1878:   25:                        cout << "x^" << n - i - 1;
     1893:   26:                    first = false;  // Reserve the mark of the first term of the polynomial
        -:   27:                } else {         //Output the sign and the absolute value
     6315:   28:                    cout << ' ' << (a[i] < 0 ? '-' : '+') << ' ';  //Output the sign
     6315:   29:                    if (fabs(a[i]) != 1 || i == n - 1)         //If the coefficient is 1, don’t output it
     5751:   30:                        cout << fabs(a[i]);
     6315:   31:                    if (i == n - 2)  // If the exponent is 1, don’t output the exponent; else output the exponent.
      902:   32:                        cout << 'x';
     5413:   33:                    else if (i < n - 1)
     4484:   34:                        cout << "x^" << n - i - 1;
        -:   35:                }
        -:   36:            }
     1899:   37:        if (first)                  // If all coefficients are 0, output 0.
        6:   38:            cout << 0;
     1899:   39:        cout << endl;
        -:   40:    }
     1899:   41:    return 0;
     5697:   42:}
