        -:    0:Source:testCaseWithBug2.cpp
        -:    0:Graph:testCaseWithBug2.gcno
        -:    0:Data:testCaseWithBug2.gcda
        -:    0:Runs:924
        -:    0:Programs:1
        -:    1:#include <iostream>          //Preprocessor Directive
        -:    2:using namespace std;         //Using C＋＋ Standard Library
        -:    3:const char wstr[][20] = {"Saturday", "Sunday", "Monday", "Tuesday", "Wednesday", "Thursday", "Friday"};    //String array for the day of the week
        -:    4:
    17906:    5:int days_of_year(int year)   //  Return the number of days of year
        -:    6:{ 
    17906:    7:    if (year % 100 == 0) {
     3956:    8:        if (year % 400 == 0 ) {
     3894:    9:            return 366;
        -:   10:        } else {
       62:   11:            return 365;
        -:   12:        }
        -:   13:    }
    13950:   14:    if (year % 4 == 0 ) {
     3362:   15:        return 365; //return 366;   ### bug line! ###
        -:   16:    } else {
    10588:   17:        return 365;
        -:   18:    }
        -:   19:}
        -:   20:
     5616:   21:int days_of_month(int month, int year) // Return the number of days of month in year
        -:   22:{ 
     5616:   23:    if (month == 2) {
     1341:   24:        if (days_of_year(year)==366) {
     1096:   25:            return 29;
        -:   26:        } else {
      245:   27:            return 28;
        -:   28:        }
        -:   29:    }
        -:   30:    int d;
     4275:   31:    switch (month) {
        -:   32:        case 1: case 3: case 5: case 7: case 8:
        -:   33:        case 10: case 12:
     3304:   34:            d = 31;
     3304:   35:            break;
        -:   36:        default:
      971:   37:            d = 30;
        -:   38:    }
     4275:   39:    return d;
        -:   40:}
        -:   41:
      924:   42:int main(void)
        -:   43:{
        -:   44:    int n;
      924:   45:    cin >> n;          //Input the first test case
     2772:   46:    while (n >= 0) {
        -:   47:        int year, month, day, week;
      924:   48:        week = n % 7; // use January 1, 2000 (Saturday) as the benchmark and the beginning of a week
      924:   49:        year = 2000;
      924:   50:        month = 1;
      924:   51:        day = 1;
    20742:   52:        while (n) {
     9909:   53:            if (n >= days_of_year(year)) { // Calculate the year
     6656:   54:                n -= days_of_year(year);
     6656:   55:                ++year;
     3253:   56:            } else if (n >= days_of_month(month, year)) { // Calculate the month
     2363:   57:                n -= days_of_month(month, year);
     2363:   58:                ++month;
        -:   59:            } else { // Calculate the day
      890:   60:                day += n;
      890:   61:                n = 0;
        -:   62:            }
        -:   63:        }
        -:   64:   //Output the date and the day of the week
      924:   65:        cout << year << '-' << (month < 10 ? "0" : "") << month << '-'
     1848:   66:            << (day < 10 ? "0" : "") << day << ' ' << wstr[week] << endl;
      924:   67:        cin >> n; //Input the next test case
        -:   68:    }
      924:   69:    return 0;
     2772:   70:}
