        -:    0:Source:testCase1-bug.cpp
        -:    0:Graph:testCase1-bug.gcno
        -:    0:Data:testCase1-bug.gcda
        -:    0:Runs:4558
        -:    0:Programs:1
        -:    1:#include <iostream>                     // Preprocessor Directive
        -:    2:using namespace std;                    // Using C＋＋ Standard Libeary
        -:    3:const int n = 9;                         //The number of terms of a polynomial
    28872:    4:inline int fabs(int k)                     // Return the absolute value of k
        -:    5:{ 
    28872:    6:    return k < 0 ? -k : k;
        -:    7:}
     9116:    8:int main(void)                          // Main function
        -:    9:{ 
        -:   10:    int a[n];
    13674:   11:    while (cin >> a[0]) {               // Input coefficients
    41022:   12:        for (int i = 1; i < n; i++)  
    36464:   13:            cin >> a[i];
     4558:   14:        bool first = true;              // Set the mark for the first term
    45580:   15:        for (int i = 0; i < n; i++)
    41022:   16:            if (a[i]) {               //Output non-zero terms
    19676:   17:                if (first) {           // Deal with the first term
     4549:   18:                    if (a[i] == -1 && i < n - 1)    // The current term is -1
      227:   19:                        cout << "";
     4322:   20:                    else if (a[i] != 1 || i == n - 1)   // The current is not 1
     4081:   21:                        cout << a[i];
     4549:   22:                    if (i == n - 2) // If the exponent is 1, don’t output the exponent; else output the exponent.
       15:   23:                        cout << 'x';
     4534:   24:                    else if (i < n - 1)           
     4518:   25:                        cout << "x^" << n - i - 1;
     4549:   26:                    first = false;  // Reserve the mark of the first term of the polynomial
        -:   27:                } else {         //Output the sign and the absolute value
    15127:   28:                    cout << ' ' << (a[i] < 0 ? '-' : '+') << ' ';  //Output the sign
    15127:   29:                    if (fabs(a[i]) != 1 || i == n - 1)         //If the coefficient is 1, don’t output it
    13745:   30:                        cout << fabs(a[i]);
    15127:   31:                    if (i == n - 2)  // If the exponent is 1, don’t output the exponent; else output the exponent.
     2155:   32:                        cout << 'x';
    12972:   33:                    else if (i < n - 1)
    10788:   34:                        cout << "x^" << n - i - 1;
        -:   35:                }
        -:   36:            }
     4558:   37:        if (first)                  // If all coefficients are 0, output 0.
        9:   38:            cout << 0;
     4558:   39:        cout << endl;
        -:   40:    }
     4558:   41:    return 0;
    13674:   42:}
