        -:    0:Source:testCaseWithBug2.cpp
        -:    0:Graph:testCaseWithBug2.gcno
        -:    0:Data:testCaseWithBug2.gcda
        -:    0:Runs:1459
        -:    0:Programs:1
        -:    1:#include <iostream>          //Preprocessor Directive
        -:    2:using namespace std;         //Using C＋＋ Standard Library
        -:    3:const char wstr[][20] = {"Saturday", "Sunday", "Monday", "Tuesday", "Wednesday", "Thursday", "Friday"};    //String array for the day of the week
        -:    4:
    27576:    5:int days_of_year(int year)   //  Return the number of days of year
        -:    6:{ 
    27576:    7:    if (year % 100 == 0) {
     6312:    8:        if (year % 400 == 0 ) {
     6226:    9:            return 366;
        -:   10:        } else {
       86:   11:            return 365;
        -:   12:        }
        -:   13:    }
    21264:   14:    if (year % 4 == 0 ) {
     5094:   15:        return 365; //return 366;   ### bug line! ###
        -:   16:    } else {
    16170:   17:        return 365;
        -:   18:    }
        -:   19:}
        -:   20:
     8836:   21:int days_of_month(int month, int year) // Return the number of days of month in year
        -:   22:{ 
     8836:   23:    if (month == 2) {
     2130:   24:        if (days_of_year(year)==366) {
     1764:   25:            return 29;
        -:   26:        } else {
      366:   27:            return 28;
        -:   28:        }
        -:   29:    }
        -:   30:    int d;
     6706:   31:    switch (month) {
        -:   32:        case 1: case 3: case 5: case 7: case 8:
        -:   33:        case 10: case 12:
     5196:   34:            d = 31;
     5196:   35:            break;
        -:   36:        default:
     1510:   37:            d = 30;
        -:   38:    }
     6706:   39:    return d;
        -:   40:}
        -:   41:
     1459:   42:int main(void)
        -:   43:{
        -:   44:    int n;
     1459:   45:    cin >> n;          //Input the first test case
     4377:   46:    while (n >= 0) {
        -:   47:        int year, month, day, week;
     1459:   48:        week = n % 7; // use January 1, 2000 (Saturday) as the benchmark and the beginning of a week
     1459:   49:        year = 2000;
     1459:   50:        month = 1;
     1459:   51:        day = 1;
    32025:   52:        while (n) {
    15283:   53:            if (n >= days_of_year(year)) { // Calculate the year
    10163:   54:                n -= days_of_year(year);
    10163:   55:                ++year;
     5120:   56:            } else if (n >= days_of_month(month, year)) { // Calculate the month
     3716:   57:                n -= days_of_month(month, year);
     3716:   58:                ++month;
        -:   59:            } else { // Calculate the day
     1404:   60:                day += n;
     1404:   61:                n = 0;
        -:   62:            }
        -:   63:        }
        -:   64:   //Output the date and the day of the week
     1459:   65:        cout << year << '-' << (month < 10 ? "0" : "") << month << '-'
     2918:   66:            << (day < 10 ? "0" : "") << day << ' ' << wstr[week] << endl;
     1459:   67:        cin >> n; //Input the next test case
        -:   68:    }
     1459:   69:    return 0;
     4377:   70:}
