        -:    0:Source:testCaseWithBug2.cpp
        -:    0:Graph:testCaseWithBug2.gcno
        -:    0:Data:testCaseWithBug2.gcda
        -:    0:Runs:3290
        -:    0:Programs:1
        -:    1:#include <iostream>          //Preprocessor Directive
        -:    2:using namespace std;         //Using C＋＋ Standard Library
        -:    3:const char wstr[][20] = {"Saturday", "Sunday", "Monday", "Tuesday", "Wednesday", "Thursday", "Friday"};    //String array for the day of the week
        -:    4:
    62556:    5:int days_of_year(int year)   //  Return the number of days of year
        -:    6:{ 
    62556:    7:    if (year % 100 == 0) {
    14426:    8:        if (year % 400 == 0 ) {
    14218:    9:            return 366;
        -:   10:        } else {
      208:   11:            return 365;
        -:   12:        }
        -:   13:    }
    48130:   14:    if (year % 4 == 0 ) {
    11421:   15:        return 365; //return 366;   ### bug line! ###
        -:   16:    } else {
    36709:   17:        return 365;
        -:   18:    }
        -:   19:}
        -:   20:
    20073:   21:int days_of_month(int month, int year) // Return the number of days of month in year
        -:   22:{ 
    20073:   23:    if (month == 2) {
     4834:   24:        if (days_of_year(year)==366) {
     4050:   25:            return 29;
        -:   26:        } else {
      784:   27:            return 28;
        -:   28:        }
        -:   29:    }
        -:   30:    int d;
    15239:   31:    switch (month) {
        -:   32:        case 1: case 3: case 5: case 7: case 8:
        -:   33:        case 10: case 12:
    11790:   34:            d = 31;
    11790:   35:            break;
        -:   36:        default:
     3449:   37:            d = 30;
        -:   38:    }
    15239:   39:    return d;
        -:   40:}
        -:   41:
     3290:   42:int main(void)
        -:   43:{
        -:   44:    int n;
     3290:   45:    cin >> n;          //Input the first test case
     9870:   46:    while (n >= 0) {
        -:   47:        int year, month, day, week;
     3290:   48:        week = n % 7; // use January 1, 2000 (Saturday) as the benchmark and the beginning of a week
     3290:   49:        year = 2000;
     3290:   50:        month = 1;
     3290:   51:        day = 1;
    72632:   52:        while (n) {
    34671:   53:            if (n >= days_of_year(year)) { // Calculate the year
    23051:   54:                n -= days_of_year(year);
    23051:   55:                ++year;
    11620:   56:            } else if (n >= days_of_month(month, year)) { // Calculate the month
     8453:   57:                n -= days_of_month(month, year);
     8453:   58:                ++month;
        -:   59:            } else { // Calculate the day
     3167:   60:                day += n;
     3167:   61:                n = 0;
        -:   62:            }
        -:   63:        }
        -:   64:   //Output the date and the day of the week
     3290:   65:        cout << year << '-' << (month < 10 ? "0" : "") << month << '-'
     6580:   66:            << (day < 10 ? "0" : "") << day << ' ' << wstr[week] << endl;
     3290:   67:        cin >> n; //Input the next test case
        -:   68:    }
     3290:   69:    return 0;
     9870:   70:}
