        -:    0:Source:testCase1-bug.cpp
        -:    0:Graph:testCase1-bug.gcno
        -:    0:Data:testCase1-bug.gcda
        -:    0:Runs:4236
        -:    0:Programs:1
        -:    1:#include <iostream>                     // Preprocessor Directive
        -:    2:using namespace std;                    // Using C＋＋ Standard Libeary
        -:    3:const int n = 9;                         //The number of terms of a polynomial
    26805:    4:inline int fabs(int k)                     // Return the absolute value of k
        -:    5:{ 
    26805:    6:    return k < 0 ? -k : k;
        -:    7:}
     8472:    8:int main(void)                          // Main function
        -:    9:{ 
        -:   10:    int a[n];
    12708:   11:    while (cin >> a[0]) {               // Input coefficients
    38124:   12:        for (int i = 1; i < n; i++)  
    33888:   13:            cin >> a[i];
     4236:   14:        bool first = true;              // Set the mark for the first term
    42360:   15:        for (int i = 0; i < n; i++)
    38124:   16:            if (a[i]) {               //Output non-zero terms
    18260:   17:                if (first) {           // Deal with the first term
     4227:   18:                    if (a[i] == -1 && i < n - 1)    // The current term is -1
      209:   19:                        cout << "";
     4018:   20:                    else if (a[i] != 1 || i == n - 1)   // The current is not 1
     3796:   21:                        cout << a[i];
     4227:   22:                    if (i == n - 2) // If the exponent is 1, don’t output the exponent; else output the exponent.
       15:   23:                        cout << 'x';
     4212:   24:                    else if (i < n - 1)           
     4196:   25:                        cout << "x^" << n - i - 1;
     4227:   26:                    first = false;  // Reserve the mark of the first term of the polynomial
        -:   27:                } else {         //Output the sign and the absolute value
    14033:   28:                    cout << ' ' << (a[i] < 0 ? '-' : '+') << ' ';  //Output the sign
    14033:   29:                    if (fabs(a[i]) != 1 || i == n - 1)         //If the coefficient is 1, don’t output it
    12772:   30:                        cout << fabs(a[i]);
    14033:   31:                    if (i == n - 2)  // If the exponent is 1, don’t output the exponent; else output the exponent.
     1988:   32:                        cout << 'x';
    12045:   33:                    else if (i < n - 1)
    10019:   34:                        cout << "x^" << n - i - 1;
        -:   35:                }
        -:   36:            }
     4236:   37:        if (first)                  // If all coefficients are 0, output 0.
        9:   38:            cout << 0;
     4236:   39:        cout << endl;
        -:   40:    }
     4236:   41:    return 0;
    12708:   42:}
