        -:    0:Source:testCase1-bug.cpp
        -:    0:Graph:testCase1-bug.gcno
        -:    0:Data:testCase1-bug.gcda
        -:    0:Runs:3361
        -:    0:Programs:1
        -:    1:#include <iostream>                     // Preprocessor Directive
        -:    2:using namespace std;                    // Using C＋＋ Standard Libeary
        -:    3:const int n = 9;                         //The number of terms of a polynomial
    21262:    4:inline int fabs(int k)                     // Return the absolute value of k
        -:    5:{ 
    21262:    6:    return k < 0 ? -k : k;
        -:    7:}
     6722:    8:int main(void)                          // Main function
        -:    9:{ 
        -:   10:    int a[n];
    10083:   11:    while (cin >> a[0]) {               // Input coefficients
    30249:   12:        for (int i = 1; i < n; i++)  
    26888:   13:            cin >> a[i];
     3361:   14:        bool first = true;              // Set the mark for the first term
    33610:   15:        for (int i = 0; i < n; i++)
    30249:   16:            if (a[i]) {               //Output non-zero terms
    14478:   17:                if (first) {           // Deal with the first term
     3352:   18:                    if (a[i] == -1 && i < n - 1)    // The current term is -1
      156:   19:                        cout << "";
     3196:   20:                    else if (a[i] != 1 || i == n - 1)   // The current is not 1
     3023:   21:                        cout << a[i];
     3352:   22:                    if (i == n - 2) // If the exponent is 1, don’t output the exponent; else output the exponent.
       11:   23:                        cout << 'x';
     3341:   24:                    else if (i < n - 1)           
     3328:   25:                        cout << "x^" << n - i - 1;
     3352:   26:                    first = false;  // Reserve the mark of the first term of the polynomial
        -:   27:                } else {         //Output the sign and the absolute value
    11126:   28:                    cout << ' ' << (a[i] < 0 ? '-' : '+') << ' ';  //Output the sign
    11126:   29:                    if (fabs(a[i]) != 1 || i == n - 1)         //If the coefficient is 1, don’t output it
    10136:   30:                        cout << fabs(a[i]);
    11126:   31:                    if (i == n - 2)  // If the exponent is 1, don’t output the exponent; else output the exponent.
     1588:   32:                        cout << 'x';
     9538:   33:                    else if (i < n - 1)
     7927:   34:                        cout << "x^" << n - i - 1;
        -:   35:                }
        -:   36:            }
     3361:   37:        if (first)                  // If all coefficients are 0, output 0.
        9:   38:            cout << 0;
     3361:   39:        cout << endl;
        -:   40:    }
     3361:   41:    return 0;
    10083:   42:}
