        -:    0:Source:testCaseWithBug2.cpp
        -:    0:Graph:testCaseWithBug2.gcno
        -:    0:Data:testCaseWithBug2.gcda
        -:    0:Runs:697
        -:    0:Programs:1
        -:    1:#include <iostream>          //Preprocessor Directive
        -:    2:using namespace std;         //Using C＋＋ Standard Library
        -:    3:const char wstr[][20] = {"Saturday", "Sunday", "Monday", "Tuesday", "Wednesday", "Thursday", "Friday"};    //String array for the day of the week
        -:    4:
    13321:    5:int days_of_year(int year)   //  Return the number of days of year
        -:    6:{ 
    13321:    7:    if (year % 100 == 0) {
     3034:    8:        if (year % 400 == 0 ) {
     2984:    9:            return 366;
        -:   10:        } else {
       50:   11:            return 365;
        -:   12:        }
        -:   13:    }
    10287:   14:    if (year % 4 == 0 ) {
     2483:   15:        return 365; //return 366;   ### bug line! ###
        -:   16:    } else {
     7804:   17:        return 365;
        -:   18:    }
        -:   19:}
        -:   20:
     4232:   21:int days_of_month(int month, int year) // Return the number of days of month in year
        -:   22:{ 
     4232:   23:    if (month == 2) {
     1015:   24:        if (days_of_year(year)==366) {
      841:   25:            return 29;
        -:   26:        } else {
      174:   27:            return 28;
        -:   28:        }
        -:   29:    }
        -:   30:    int d;
     3217:   31:    switch (month) {
        -:   32:        case 1: case 3: case 5: case 7: case 8:
        -:   33:        case 10: case 12:
     2489:   34:            d = 31;
     2489:   35:            break;
        -:   36:        default:
      728:   37:            d = 30;
        -:   38:    }
     3217:   39:    return d;
        -:   40:}
        -:   41:
      697:   42:int main(void)
        -:   43:{
        -:   44:    int n;
      697:   45:    cin >> n;          //Input the first test case
     2091:   46:    while (n >= 0) {
        -:   47:        int year, month, day, week;
      697:   48:        week = n % 7; // use January 1, 2000 (Saturday) as the benchmark and the beginning of a week
      697:   49:        year = 2000;
      697:   50:        month = 1;
      697:   51:        day = 1;
    15455:   52:        while (n) {
     7379:   53:            if (n >= days_of_year(year)) { // Calculate the year
     4927:   54:                n -= days_of_year(year);
     4927:   55:                ++year;
     2452:   56:            } else if (n >= days_of_month(month, year)) { // Calculate the month
     1780:   57:                n -= days_of_month(month, year);
     1780:   58:                ++month;
        -:   59:            } else { // Calculate the day
      672:   60:                day += n;
      672:   61:                n = 0;
        -:   62:            }
        -:   63:        }
        -:   64:   //Output the date and the day of the week
      697:   65:        cout << year << '-' << (month < 10 ? "0" : "") << month << '-'
     1394:   66:            << (day < 10 ? "0" : "") << day << ' ' << wstr[week] << endl;
      697:   67:        cin >> n; //Input the next test case
        -:   68:    }
      697:   69:    return 0;
     2091:   70:}
