        -:    0:Source:testCaseWithBug2.cpp
        -:    0:Graph:testCaseWithBug2.gcno
        -:    0:Data:testCaseWithBug2.gcda
        -:    0:Runs:1419
        -:    0:Programs:1
        -:    1:#include <iostream>          //Preprocessor Directive
        -:    2:using namespace std;         //Using C＋＋ Standard Library
        -:    3:const char wstr[][20] = {"Saturday", "Sunday", "Monday", "Tuesday", "Wednesday", "Thursday", "Friday"};    //String array for the day of the week
        -:    4:
    26790:    5:int days_of_year(int year)   //  Return the number of days of year
        -:    6:{ 
    26790:    7:    if (year % 100 == 0) {
     6151:    8:        if (year % 400 == 0 ) {
     6067:    9:            return 366;
        -:   10:        } else {
       84:   11:            return 365;
        -:   12:        }
        -:   13:    }
    20639:   14:    if (year % 4 == 0 ) {
     4952:   15:        return 365; //return 366;   ### bug line! ###
        -:   16:    } else {
    15687:   17:        return 365;
        -:   18:    }
        -:   19:}
        -:   20:
     8598:   21:int days_of_month(int month, int year) // Return the number of days of month in year
        -:   22:{ 
     8598:   23:    if (month == 2) {
     2076:   24:        if (days_of_year(year)==366) {
     1721:   25:            return 29;
        -:   26:        } else {
      355:   27:            return 28;
        -:   28:        }
        -:   29:    }
        -:   30:    int d;
     6522:   31:    switch (month) {
        -:   32:        case 1: case 3: case 5: case 7: case 8:
        -:   33:        case 10: case 12:
     5055:   34:            d = 31;
     5055:   35:            break;
        -:   36:        default:
     1467:   37:            d = 30;
        -:   38:    }
     6522:   39:    return d;
        -:   40:}
        -:   41:
     1419:   42:int main(void)
        -:   43:{
        -:   44:    int n;
     1419:   45:    cin >> n;          //Input the first test case
     4257:   46:    while (n >= 0) {
        -:   47:        int year, month, day, week;
     1419:   48:        week = n % 7; // use January 1, 2000 (Saturday) as the benchmark and the beginning of a week
     1419:   49:        year = 2000;
     1419:   50:        month = 1;
     1419:   51:        day = 1;
    31115:   52:        while (n) {
    14848:   53:            if (n >= days_of_year(year)) { // Calculate the year
     9866:   54:                n -= days_of_year(year);
     9866:   55:                ++year;
     4982:   56:            } else if (n >= days_of_month(month, year)) { // Calculate the month
     3616:   57:                n -= days_of_month(month, year);
     3616:   58:                ++month;
        -:   59:            } else { // Calculate the day
     1366:   60:                day += n;
     1366:   61:                n = 0;
        -:   62:            }
        -:   63:        }
        -:   64:   //Output the date and the day of the week
     1419:   65:        cout << year << '-' << (month < 10 ? "0" : "") << month << '-'
     2838:   66:            << (day < 10 ? "0" : "") << day << ' ' << wstr[week] << endl;
     1419:   67:        cin >> n; //Input the next test case
        -:   68:    }
     1419:   69:    return 0;
     4257:   70:}
