        -:    0:Source:testCase1-bug.cpp
        -:    0:Graph:testCase1-bug.gcno
        -:    0:Data:testCase1-bug.gcda
        -:    0:Runs:1520
        -:    0:Programs:1
        -:    1:#include <iostream>                     // Preprocessor Directive
        -:    2:using namespace std;                    // Using C＋＋ Standard Libeary
        -:    3:const int n = 9;                         //The number of terms of a polynomial
     9582:    4:inline int fabs(int k)                     // Return the absolute value of k
        -:    5:{ 
     9582:    6:    return k < 0 ? -k : k;
        -:    7:}
     3040:    8:int main(void)                          // Main function
        -:    9:{ 
        -:   10:    int a[n];
     4560:   11:    while (cin >> a[0]) {               // Input coefficients
    13680:   12:        for (int i = 1; i < n; i++)  
    12160:   13:            cin >> a[i];
     1520:   14:        bool first = true;              // Set the mark for the first term
    15200:   15:        for (int i = 0; i < n; i++)
    13680:   16:            if (a[i]) {               //Output non-zero terms
     6539:   17:                if (first) {           // Deal with the first term
     1516:   18:                    if (a[i] == -1 && i < n - 1)    // The current term is -1
       72:   19:                        cout << "";
     1444:   20:                    else if (a[i] != 1 || i == n - 1)   // The current is not 1
     1362:   21:                        cout << a[i];
     1516:   22:                    if (i == n - 2) // If the exponent is 1, don’t output the exponent; else output the exponent.
        5:   23:                        cout << 'x';
     1511:   24:                    else if (i < n - 1)           
     1503:   25:                        cout << "x^" << n - i - 1;
     1516:   26:                    first = false;  // Reserve the mark of the first term of the polynomial
        -:   27:                } else {         //Output the sign and the absolute value
     5023:   28:                    cout << ' ' << (a[i] < 0 ? '-' : '+') << ' ';  //Output the sign
     5023:   29:                    if (fabs(a[i]) != 1 || i == n - 1)         //If the coefficient is 1, don’t output it
     4559:   30:                        cout << fabs(a[i]);
     5023:   31:                    if (i == n - 2)  // If the exponent is 1, don’t output the exponent; else output the exponent.
      721:   32:                        cout << 'x';
     4302:   33:                    else if (i < n - 1)
     3562:   34:                        cout << "x^" << n - i - 1;
        -:   35:                }
        -:   36:            }
     1520:   37:        if (first)                  // If all coefficients are 0, output 0.
        4:   38:            cout << 0;
     1520:   39:        cout << endl;
        -:   40:    }
     1520:   41:    return 0;
     4560:   42:}
