        -:    0:Source:testCaseWithBug2.cpp
        -:    0:Graph:testCaseWithBug2.gcno
        -:    0:Data:testCaseWithBug2.gcda
        -:    0:Runs:92
        -:    0:Programs:1
        -:    1:#include <iostream>          //Preprocessor Directive
        -:    2:using namespace std;         //Using C＋＋ Standard Library
        -:    3:const char wstr[][20] = {"Saturday", "Sunday", "Monday", "Tuesday", "Wednesday", "Thursday", "Friday"};    //String array for the day of the week
        -:    4:
     1842:    5:int days_of_year(int year)   //  Return the number of days of year
        -:    6:{ 
     1842:    7:    if (year % 100 == 0) {
      367:    8:        if (year % 400 == 0 ) {
      361:    9:            return 366;
        -:   10:        } else {
        6:   11:            return 365;
        -:   12:        }
        -:   13:    }
     1475:   14:    if (year % 4 == 0 ) {
      352:   15:        return 365; //return 366;   ### bug line! ###
        -:   16:    } else {
     1123:   17:        return 365;
        -:   18:    }
        -:   19:}
        -:   20:
      516:   21:int days_of_month(int month, int year) // Return the number of days of month in year
        -:   22:{ 
      516:   23:    if (month == 2) {
      126:   24:        if (days_of_year(year)==366) {
      101:   25:            return 29;
        -:   26:        } else {
       25:   27:            return 28;
        -:   28:        }
        -:   29:    }
        -:   30:    int d;
      390:   31:    switch (month) {
        -:   32:        case 1: case 3: case 5: case 7: case 8:
        -:   33:        case 10: case 12:
      307:   34:            d = 31;
      307:   35:            break;
        -:   36:        default:
       83:   37:            d = 30;
        -:   38:    }
      390:   39:    return d;
        -:   40:}
        -:   41:
       92:   42:int main(void)
        -:   43:{
        -:   44:    int n;
       92:   45:    cin >> n;          //Input the first test case
      276:   46:    while (n >= 0) {
        -:   47:        int year, month, day, week;
       92:   48:        week = n % 7; // use January 1, 2000 (Saturday) as the benchmark and the beginning of a week
       92:   49:        year = 2000;
       92:   50:        month = 1;
       92:   51:        day = 1;
     2110:   52:        while (n) {
     1009:   53:            if (n >= days_of_year(year)) { // Calculate the year
      707:   54:                n -= days_of_year(year);
      707:   55:                ++year;
      302:   56:            } else if (n >= days_of_month(month, year)) { // Calculate the month
      214:   57:                n -= days_of_month(month, year);
      214:   58:                ++month;
        -:   59:            } else { // Calculate the day
       88:   60:                day += n;
       88:   61:                n = 0;
        -:   62:            }
        -:   63:        }
        -:   64:   //Output the date and the day of the week
       92:   65:        cout << year << '-' << (month < 10 ? "0" : "") << month << '-'
      184:   66:            << (day < 10 ? "0" : "") << day << ' ' << wstr[week] << endl;
       92:   67:        cin >> n; //Input the next test case
        -:   68:    }
       92:   69:    return 0;
      276:   70:}
