        -:    0:Source:testCase1-bug.cpp
        -:    0:Graph:testCase1-bug.gcno
        -:    0:Data:testCase1-bug.gcda
        -:    0:Runs:3224
        -:    0:Programs:1
        -:    1:#include <iostream>                     // Preprocessor Directive
        -:    2:using namespace std;                    // Using C＋＋ Standard Libeary
        -:    3:const int n = 9;                         //The number of terms of a polynomial
    20395:    4:inline int fabs(int k)                     // Return the absolute value of k
        -:    5:{ 
    20395:    6:    return k < 0 ? -k : k;
        -:    7:}
     6448:    8:int main(void)                          // Main function
        -:    9:{ 
        -:   10:    int a[n];
     9672:   11:    while (cin >> a[0]) {               // Input coefficients
    29016:   12:        for (int i = 1; i < n; i++)  
    25792:   13:            cin >> a[i];
     3224:   14:        bool first = true;              // Set the mark for the first term
    32240:   15:        for (int i = 0; i < n; i++)
    29016:   16:            if (a[i]) {               //Output non-zero terms
    13885:   17:                if (first) {           // Deal with the first term
     3215:   18:                    if (a[i] == -1 && i < n - 1)    // The current term is -1
      149:   19:                        cout << "";
     3066:   20:                    else if (a[i] != 1 || i == n - 1)   // The current is not 1
     2901:   21:                        cout << a[i];
     3215:   22:                    if (i == n - 2) // If the exponent is 1, don’t output the exponent; else output the exponent.
        9:   23:                        cout << 'x';
     3206:   24:                    else if (i < n - 1)           
     3193:   25:                        cout << "x^" << n - i - 1;
     3215:   26:                    first = false;  // Reserve the mark of the first term of the polynomial
        -:   27:                } else {         //Output the sign and the absolute value
    10670:   28:                    cout << ' ' << (a[i] < 0 ? '-' : '+') << ' ';  //Output the sign
    10670:   29:                    if (fabs(a[i]) != 1 || i == n - 1)         //If the coefficient is 1, don’t output it
     9725:   30:                        cout << fabs(a[i]);
    10670:   31:                    if (i == n - 2)  // If the exponent is 1, don’t output the exponent; else output the exponent.
     1525:   32:                        cout << 'x';
     9145:   33:                    else if (i < n - 1)
     7596:   34:                        cout << "x^" << n - i - 1;
        -:   35:                }
        -:   36:            }
     3224:   37:        if (first)                  // If all coefficients are 0, output 0.
        9:   38:            cout << 0;
     3224:   39:        cout << endl;
        -:   40:    }
     3224:   41:    return 0;
     9672:   42:}
