        -:    0:Source:testCaseWithBug2.cpp
        -:    0:Graph:testCaseWithBug2.gcno
        -:    0:Data:testCaseWithBug2.gcda
        -:    0:Runs:216
        -:    0:Programs:1
        -:    1:#include <iostream>          //Preprocessor Directive
        -:    2:using namespace std;         //Using C＋＋ Standard Library
        -:    3:const char wstr[][20] = {"Saturday", "Sunday", "Monday", "Tuesday", "Wednesday", "Thursday", "Friday"};    //String array for the day of the week
        -:    4:
     4137:    5:int days_of_year(int year)   //  Return the number of days of year
        -:    6:{ 
     4137:    7:    if (year % 100 == 0) {
      961:    8:        if (year % 400 == 0 ) {
      947:    9:            return 366;
        -:   10:        } else {
       14:   11:            return 365;
        -:   12:        }
        -:   13:    }
     3176:   14:    if (year % 4 == 0 ) {
      760:   15:        return 365; //return 366;   ### bug line! ###
        -:   16:    } else {
     2416:   17:        return 365;
        -:   18:    }
        -:   19:}
        -:   20:
     1307:   21:int days_of_month(int month, int year) // Return the number of days of month in year
        -:   22:{ 
     1307:   23:    if (month == 2) {
      317:   24:        if (days_of_year(year)==366) {
      269:   25:            return 29;
        -:   26:        } else {
       48:   27:            return 28;
        -:   28:        }
        -:   29:    }
        -:   30:    int d;
      990:   31:    switch (month) {
        -:   32:        case 1: case 3: case 5: case 7: case 8:
        -:   33:        case 10: case 12:
      765:   34:            d = 31;
      765:   35:            break;
        -:   36:        default:
      225:   37:            d = 30;
        -:   38:    }
      990:   39:    return d;
        -:   40:}
        -:   41:
      216:   42:int main(void)
        -:   43:{
        -:   44:    int n;
      216:   45:    cin >> n;          //Input the first test case
      648:   46:    while (n >= 0) {
        -:   47:        int year, month, day, week;
      216:   48:        week = n % 7; // use January 1, 2000 (Saturday) as the benchmark and the beginning of a week
      216:   49:        year = 2000;
      216:   50:        month = 1;
      216:   51:        day = 1;
     4792:   52:        while (n) {
     2288:   53:            if (n >= days_of_year(year)) { // Calculate the year
     1532:   54:                n -= days_of_year(year);
     1532:   55:                ++year;
      756:   56:            } else if (n >= days_of_month(month, year)) { // Calculate the month
      551:   57:                n -= days_of_month(month, year);
      551:   58:                ++month;
        -:   59:            } else { // Calculate the day
      205:   60:                day += n;
      205:   61:                n = 0;
        -:   62:            }
        -:   63:        }
        -:   64:   //Output the date and the day of the week
      216:   65:        cout << year << '-' << (month < 10 ? "0" : "") << month << '-'
      432:   66:            << (day < 10 ? "0" : "") << day << ' ' << wstr[week] << endl;
      216:   67:        cin >> n; //Input the next test case
        -:   68:    }
      216:   69:    return 0;
      648:   70:}
