        -:    0:Source:testCaseWithBug2.cpp
        -:    0:Graph:testCaseWithBug2.gcno
        -:    0:Data:testCaseWithBug2.gcda
        -:    0:Runs:415
        -:    0:Programs:1
        -:    1:#include <iostream>          //Preprocessor Directive
        -:    2:using namespace std;         //Using C＋＋ Standard Library
        -:    3:const char wstr[][20] = {"Saturday", "Sunday", "Monday", "Tuesday", "Wednesday", "Thursday", "Friday"};    //String array for the day of the week
        -:    4:
     7429:    5:int days_of_year(int year)   //  Return the number of days of year
        -:    6:{ 
     7429:    7:    if (year % 100 == 0) {
     1813:    8:        if (year % 400 == 0 ) {
     1787:    9:            return 366;
        -:   10:        } else {
       26:   11:            return 365;
        -:   12:        }
        -:   13:    }
     5616:   14:    if (year % 4 == 0 ) {
     1335:   15:        return 365; //return 366;   ### bug line! ###
        -:   16:    } else {
     4281:   17:        return 365;
        -:   18:    }
        -:   19:}
        -:   20:
     2469:   21:int days_of_month(int month, int year) // Return the number of days of month in year
        -:   22:{ 
     2469:   23:    if (month == 2) {
      607:   24:        if (days_of_year(year)==366) {
      504:   25:            return 29;
        -:   26:        } else {
      103:   27:            return 28;
        -:   28:        }
        -:   29:    }
        -:   30:    int d;
     1862:   31:    switch (month) {
        -:   32:        case 1: case 3: case 5: case 7: case 8:
        -:   33:        case 10: case 12:
     1453:   34:            d = 31;
     1453:   35:            break;
        -:   36:        default:
      409:   37:            d = 30;
        -:   38:    }
     1862:   39:    return d;
        -:   40:}
        -:   41:
      415:   42:int main(void)
        -:   43:{
        -:   44:    int n;
      415:   45:    cin >> n;          //Input the first test case
     1245:   46:    while (n >= 0) {
        -:   47:        int year, month, day, week;
      415:   48:        week = n % 7; // use January 1, 2000 (Saturday) as the benchmark and the beginning of a week
      415:   49:        year = 2000;
      415:   50:        month = 1;
      415:   51:        day = 1;
     8671:   52:        while (n) {
     4128:   53:            if (n >= days_of_year(year)) { // Calculate the year
     2694:   54:                n -= days_of_year(year);
     2694:   55:                ++year;
     1434:   56:            } else if (n >= days_of_month(month, year)) { // Calculate the month
     1035:   57:                n -= days_of_month(month, year);
     1035:   58:                ++month;
        -:   59:            } else { // Calculate the day
      399:   60:                day += n;
      399:   61:                n = 0;
        -:   62:            }
        -:   63:        }
        -:   64:   //Output the date and the day of the week
      415:   65:        cout << year << '-' << (month < 10 ? "0" : "") << month << '-'
      830:   66:            << (day < 10 ? "0" : "") << day << ' ' << wstr[week] << endl;
      415:   67:        cin >> n; //Input the next test case
        -:   68:    }
      415:   69:    return 0;
     1245:   70:}
