        -:    0:Source:testCaseWithBug2.cpp
        -:    0:Graph:testCaseWithBug2.gcno
        -:    0:Data:testCaseWithBug2.gcda
        -:    0:Runs:1368
        -:    0:Programs:1
        -:    1:#include <iostream>          //Preprocessor Directive
        -:    2:using namespace std;         //Using C＋＋ Standard Library
        -:    3:const char wstr[][20] = {"Saturday", "Sunday", "Monday", "Tuesday", "Wednesday", "Thursday", "Friday"};    //String array for the day of the week
        -:    4:
    25678:    5:int days_of_year(int year)   //  Return the number of days of year
        -:    6:{ 
    25678:    7:    if (year % 100 == 0) {
     5912:    8:        if (year % 400 == 0 ) {
     5832:    9:            return 366;
        -:   10:        } else {
       80:   11:            return 365;
        -:   12:        }
        -:   13:    }
    19766:   14:    if (year % 4 == 0 ) {
     4754:   15:        return 365; //return 366;   ### bug line! ###
        -:   16:    } else {
    15012:   17:        return 365;
        -:   18:    }
        -:   19:}
        -:   20:
     8254:   21:int days_of_month(int month, int year) // Return the number of days of month in year
        -:   22:{ 
     8254:   23:    if (month == 2) {
     1991:   24:        if (days_of_year(year)==366) {
     1649:   25:            return 29;
        -:   26:        } else {
      342:   27:            return 28;
        -:   28:        }
        -:   29:    }
        -:   30:    int d;
     6263:   31:    switch (month) {
        -:   32:        case 1: case 3: case 5: case 7: case 8:
        -:   33:        case 10: case 12:
     4854:   34:            d = 31;
     4854:   35:            break;
        -:   36:        default:
     1409:   37:            d = 30;
        -:   38:    }
     6263:   39:    return d;
        -:   40:}
        -:   41:
     1368:   42:int main(void)
        -:   43:{
        -:   44:    int n;
     1368:   45:    cin >> n;          //Input the first test case
     4104:   46:    while (n >= 0) {
        -:   47:        int year, month, day, week;
     1368:   48:        week = n % 7; // use January 1, 2000 (Saturday) as the benchmark and the beginning of a week
     1368:   49:        year = 2000;
     1368:   50:        month = 1;
     1368:   51:        day = 1;
    29842:   52:        while (n) {
    14237:   53:            if (n >= days_of_year(year)) { // Calculate the year
     9450:   54:                n -= days_of_year(year);
     9450:   55:                ++year;
     4787:   56:            } else if (n >= days_of_month(month, year)) { // Calculate the month
     3467:   57:                n -= days_of_month(month, year);
     3467:   58:                ++month;
        -:   59:            } else { // Calculate the day
     1320:   60:                day += n;
     1320:   61:                n = 0;
        -:   62:            }
        -:   63:        }
        -:   64:   //Output the date and the day of the week
     1368:   65:        cout << year << '-' << (month < 10 ? "0" : "") << month << '-'
     2736:   66:            << (day < 10 ? "0" : "") << day << ' ' << wstr[week] << endl;
     1368:   67:        cin >> n; //Input the next test case
        -:   68:    }
     1368:   69:    return 0;
     4104:   70:}
