        -:    0:Source:testCase1-bug.cpp
        -:    0:Graph:testCase1-bug.gcno
        -:    0:Data:testCase1-bug.gcda
        -:    0:Runs:378
        -:    0:Programs:1
        -:    1:#include <iostream>                     // Preprocessor Directive
        -:    2:using namespace std;                    // Using C＋＋ Standard Libeary
        -:    3:const int n = 9;                         //The number of terms of a polynomial
     2406:    4:inline int fabs(int k)                     // Return the absolute value of k
        -:    5:{ 
     2406:    6:    return k < 0 ? -k : k;
        -:    7:}
      756:    8:int main(void)                          // Main function
        -:    9:{ 
        -:   10:    int a[n];
     1134:   11:    while (cin >> a[0]) {               // Input coefficients
     3402:   12:        for (int i = 1; i < n; i++)  
     3024:   13:            cin >> a[i];
      378:   14:        bool first = true;              // Set the mark for the first term
     3780:   15:        for (int i = 0; i < n; i++)
     3402:   16:            if (a[i]) {               //Output non-zero terms
     1639:   17:                if (first) {           // Deal with the first term
      378:   18:                    if (a[i] == -1 && i < n - 1)    // The current term is -1
       12:   19:                        cout << "";
      366:   20:                    else if (a[i] != 1 || i == n - 1)   // The current is not 1
      349:   21:                        cout << a[i];
      378:   22:                    if (i == n - 2) // If the exponent is 1, don’t output the exponent; else output the exponent.
        2:   23:                        cout << 'x';
      376:   24:                    else if (i < n - 1)           
      373:   25:                        cout << "x^" << n - i - 1;
      378:   26:                    first = false;  // Reserve the mark of the first term of the polynomial
        -:   27:                } else {         //Output the sign and the absolute value
     1261:   28:                    cout << ' ' << (a[i] < 0 ? '-' : '+') << ' ';  //Output the sign
     1261:   29:                    if (fabs(a[i]) != 1 || i == n - 1)         //If the coefficient is 1, don’t output it
     1145:   30:                        cout << fabs(a[i]);
     1261:   31:                    if (i == n - 2)  // If the exponent is 1, don’t output the exponent; else output the exponent.
      171:   32:                        cout << 'x';
     1090:   33:                    else if (i < n - 1)
      894:   34:                        cout << "x^" << n - i - 1;
        -:   35:                }
        -:   36:            }
      378:   37:        if (first)                  // If all coefficients are 0, output 0.
    #####:   38:            cout << 0;
      378:   39:        cout << endl;
        -:   40:    }
      378:   41:    return 0;
     1134:   42:}
