        -:    0:Source:testCase1-bug.cpp
        -:    0:Graph:testCase1-bug.gcno
        -:    0:Data:testCase1-bug.gcda
        -:    0:Runs:1716
        -:    0:Programs:1
        -:    1:#include <iostream>                     // Preprocessor Directive
        -:    2:using namespace std;                    // Using C＋＋ Standard Libeary
        -:    3:const int n = 9;                         //The number of terms of a polynomial
    10887:    4:inline int fabs(int k)                     // Return the absolute value of k
        -:    5:{ 
    10887:    6:    return k < 0 ? -k : k;
        -:    7:}
     3432:    8:int main(void)                          // Main function
        -:    9:{ 
        -:   10:    int a[n];
     5148:   11:    while (cin >> a[0]) {               // Input coefficients
    15444:   12:        for (int i = 1; i < n; i++)  
    13728:   13:            cin >> a[i];
     1716:   14:        bool first = true;              // Set the mark for the first term
    17160:   15:        for (int i = 0; i < n; i++)
    15444:   16:            if (a[i]) {               //Output non-zero terms
     7414:   17:                if (first) {           // Deal with the first term
     1711:   18:                    if (a[i] == -1 && i < n - 1)    // The current term is -1
       83:   19:                        cout << "";
     1628:   20:                    else if (a[i] != 1 || i == n - 1)   // The current is not 1
     1534:   21:                        cout << a[i];
     1711:   22:                    if (i == n - 2) // If the exponent is 1, don’t output the exponent; else output the exponent.
        6:   23:                        cout << 'x';
     1705:   24:                    else if (i < n - 1)           
     1697:   25:                        cout << "x^" << n - i - 1;
     1711:   26:                    first = false;  // Reserve the mark of the first term of the polynomial
        -:   27:                } else {         //Output the sign and the absolute value
     5703:   28:                    cout << ' ' << (a[i] < 0 ? '-' : '+') << ' ';  //Output the sign
     5703:   29:                    if (fabs(a[i]) != 1 || i == n - 1)         //If the coefficient is 1, don’t output it
     5184:   30:                        cout << fabs(a[i]);
     5703:   31:                    if (i == n - 2)  // If the exponent is 1, don’t output the exponent; else output the exponent.
      805:   32:                        cout << 'x';
     4898:   33:                    else if (i < n - 1)
     4055:   34:                        cout << "x^" << n - i - 1;
        -:   35:                }
        -:   36:            }
     1716:   37:        if (first)                  // If all coefficients are 0, output 0.
        5:   38:            cout << 0;
     1716:   39:        cout << endl;
        -:   40:    }
     1716:   41:    return 0;
     5148:   42:}
