        -:    0:Source:testCaseWithBug2.cpp
        -:    0:Graph:testCaseWithBug2.gcno
        -:    0:Data:testCaseWithBug2.gcda
        -:    0:Runs:4565
        -:    0:Programs:1
        -:    1:#include <iostream>          //Preprocessor Directive
        -:    2:using namespace std;         //Using C＋＋ Standard Library
        -:    3:const char wstr[][20] = {"Saturday", "Sunday", "Monday", "Tuesday", "Wednesday", "Thursday", "Friday"};    //String array for the day of the week
        -:    4:
    89166:    5:int days_of_year(int year)   //  Return the number of days of year
        -:    6:{ 
    89166:    7:    if (year % 100 == 0) {
    20194:    8:        if (year % 400 == 0 ) {
    19887:    9:            return 366;
        -:   10:        } else {
      307:   11:            return 365;
        -:   12:        }
        -:   13:    }
    68972:   14:    if (year % 4 == 0 ) {
    16377:   15:        return 365; //return 366;   ### bug line! ###
        -:   16:    } else {
    52595:   17:        return 365;
        -:   18:    }
        -:   19:}
        -:   20:
    27897:   21:int days_of_month(int month, int year) // Return the number of days of month in year
        -:   22:{ 
    27897:   23:    if (month == 2) {
     6724:   24:        if (days_of_year(year)==366) {
     5671:   25:            return 29;
        -:   26:        } else {
     1053:   27:            return 28;
        -:   28:        }
        -:   29:    }
        -:   30:    int d;
    21173:   31:    switch (month) {
        -:   32:        case 1: case 3: case 5: case 7: case 8:
        -:   33:        case 10: case 12:
    16376:   34:            d = 31;
    16376:   35:            break;
        -:   36:        default:
     4797:   37:            d = 30;
        -:   38:    }
    21173:   39:    return d;
        -:   40:}
        -:   41:
     4565:   42:int main(void)
        -:   43:{
        -:   44:    int n;
     4565:   45:    cin >> n;          //Input the first test case
    13695:   46:    while (n >= 0) {
        -:   47:        int year, month, day, week;
     4565:   48:        week = n % 7; // use January 1, 2000 (Saturday) as the benchmark and the beginning of a week
     4565:   49:        year = 2000;
     4565:   50:        month = 1;
     4565:   51:        day = 1;
   103157:   52:        while (n) {
    49296:   53:            if (n >= days_of_year(year)) { // Calculate the year
    33146:   54:                n -= days_of_year(year);
    33146:   55:                ++year;
    16150:   56:            } else if (n >= days_of_month(month, year)) { // Calculate the month
    11747:   57:                n -= days_of_month(month, year);
    11747:   58:                ++month;
        -:   59:            } else { // Calculate the day
     4403:   60:                day += n;
     4403:   61:                n = 0;
        -:   62:            }
        -:   63:        }
        -:   64:   //Output the date and the day of the week
     4565:   65:        cout << year << '-' << (month < 10 ? "0" : "") << month << '-'
     9130:   66:            << (day < 10 ? "0" : "") << day << ' ' << wstr[week] << endl;
     4565:   67:        cin >> n; //Input the next test case
        -:   68:    }
     4565:   69:    return 0;
    13695:   70:}
