        -:    0:Source:testCase1-bug.cpp
        -:    0:Graph:testCase1-bug.gcno
        -:    0:Data:testCase1-bug.gcda
        -:    0:Runs:973
        -:    0:Programs:1
        -:    1:#include <iostream>                     // Preprocessor Directive
        -:    2:using namespace std;                    // Using C＋＋ Standard Libeary
        -:    3:const int n = 9;                         //The number of terms of a polynomial
     6135:    4:inline int fabs(int k)                     // Return the absolute value of k
        -:    5:{ 
     6135:    6:    return k < 0 ? -k : k;
        -:    7:}
     1946:    8:int main(void)                          // Main function
        -:    9:{ 
        -:   10:    int a[n];
     2919:   11:    while (cin >> a[0]) {               // Input coefficients
     8757:   12:        for (int i = 1; i < n; i++)  
     7784:   13:            cin >> a[i];
      973:   14:        bool first = true;              // Set the mark for the first term
     9730:   15:        for (int i = 0; i < n; i++)
     8757:   16:            if (a[i]) {               //Output non-zero terms
     4185:   17:                if (first) {           // Deal with the first term
      972:   18:                    if (a[i] == -1 && i < n - 1)    // The current term is -1
       38:   19:                        cout << "";
      934:   20:                    else if (a[i] != 1 || i == n - 1)   // The current is not 1
      882:   21:                        cout << a[i];
      972:   22:                    if (i == n - 2) // If the exponent is 1, don’t output the exponent; else output the exponent.
        4:   23:                        cout << 'x';
      968:   24:                    else if (i < n - 1)           
      961:   25:                        cout << "x^" << n - i - 1;
      972:   26:                    first = false;  // Reserve the mark of the first term of the polynomial
        -:   27:                } else {         //Output the sign and the absolute value
     3213:   28:                    cout << ' ' << (a[i] < 0 ? '-' : '+') << ' ';  //Output the sign
     3213:   29:                    if (fabs(a[i]) != 1 || i == n - 1)         //If the coefficient is 1, don’t output it
     2922:   30:                        cout << fabs(a[i]);
     3213:   31:                    if (i == n - 2)  // If the exponent is 1, don’t output the exponent; else output the exponent.
      473:   32:                        cout << 'x';
     2740:   33:                    else if (i < n - 1)
     2248:   34:                        cout << "x^" << n - i - 1;
        -:   35:                }
        -:   36:            }
      973:   37:        if (first)                  // If all coefficients are 0, output 0.
        1:   38:            cout << 0;
      973:   39:        cout << endl;
        -:   40:    }
      973:   41:    return 0;
     2919:   42:}
