        -:    0:Source:testCaseWithBug2.cpp
        -:    0:Graph:testCaseWithBug2.gcno
        -:    0:Data:testCaseWithBug2.gcda
        -:    0:Runs:282
        -:    0:Programs:1
        -:    1:#include <iostream>          //Preprocessor Directive
        -:    2:using namespace std;         //Using C＋＋ Standard Library
        -:    3:const char wstr[][20] = {"Saturday", "Sunday", "Monday", "Tuesday", "Wednesday", "Thursday", "Friday"};    //String array for the day of the week
        -:    4:
     5350:    5:int days_of_year(int year)   //  Return the number of days of year
        -:    6:{ 
     5350:    7:    if (year % 100 == 0) {
     1247:    8:        if (year % 400 == 0 ) {
     1227:    9:            return 366;
        -:   10:        } else {
       20:   11:            return 365;
        -:   12:        }
        -:   13:    }
     4103:   14:    if (year % 4 == 0 ) {
      970:   15:        return 365; //return 366;   ### bug line! ###
        -:   16:    } else {
     3133:   17:        return 365;
        -:   18:    }
        -:   19:}
        -:   20:
     1699:   21:int days_of_month(int month, int year) // Return the number of days of month in year
        -:   22:{ 
     1699:   23:    if (month == 2) {
      416:   24:        if (days_of_year(year)==366) {
      348:   25:            return 29;
        -:   26:        } else {
       68:   27:            return 28;
        -:   28:        }
        -:   29:    }
        -:   30:    int d;
     1283:   31:    switch (month) {
        -:   32:        case 1: case 3: case 5: case 7: case 8:
        -:   33:        case 10: case 12:
      997:   34:            d = 31;
      997:   35:            break;
        -:   36:        default:
      286:   37:            d = 30;
        -:   38:    }
     1283:   39:    return d;
        -:   40:}
        -:   41:
      282:   42:int main(void)
        -:   43:{
        -:   44:    int n;
      282:   45:    cin >> n;          //Input the first test case
      846:   46:    while (n >= 0) {
        -:   47:        int year, month, day, week;
      282:   48:        week = n % 7; // use January 1, 2000 (Saturday) as the benchmark and the beginning of a week
      282:   49:        year = 2000;
      282:   50:        month = 1;
      282:   51:        day = 1;
     6200:   52:        while (n) {
     2959:   53:            if (n >= days_of_year(year)) { // Calculate the year
     1975:   54:                n -= days_of_year(year);
     1975:   55:                ++year;
      984:   56:            } else if (n >= days_of_month(month, year)) { // Calculate the month
      715:   57:                n -= days_of_month(month, year);
      715:   58:                ++month;
        -:   59:            } else { // Calculate the day
      269:   60:                day += n;
      269:   61:                n = 0;
        -:   62:            }
        -:   63:        }
        -:   64:   //Output the date and the day of the week
      282:   65:        cout << year << '-' << (month < 10 ? "0" : "") << month << '-'
      564:   66:            << (day < 10 ? "0" : "") << day << ' ' << wstr[week] << endl;
      282:   67:        cin >> n; //Input the next test case
        -:   68:    }
      282:   69:    return 0;
      846:   70:}
