        -:    0:Source:testCaseWithBug2.cpp
        -:    0:Graph:testCaseWithBug2.gcno
        -:    0:Data:testCaseWithBug2.gcda
        -:    0:Runs:4207
        -:    0:Programs:1
        -:    1:#include <iostream>          //Preprocessor Directive
        -:    2:using namespace std;         //Using C＋＋ Standard Library
        -:    3:const char wstr[][20] = {"Saturday", "Sunday", "Monday", "Tuesday", "Wednesday", "Thursday", "Friday"};    //String array for the day of the week
        -:    4:
    80680:    5:int days_of_year(int year)   //  Return the number of days of year
        -:    6:{ 
    80680:    7:    if (year % 100 == 0) {
    18554:    8:        if (year % 400 == 0 ) {
    18288:    9:            return 366;
        -:   10:        } else {
      266:   11:            return 365;
        -:   12:        }
        -:   13:    }
    62126:   14:    if (year % 4 == 0 ) {
    14768:   15:        return 365; //return 366;   ### bug line! ###
        -:   16:    } else {
    47358:   17:        return 365;
        -:   18:    }
        -:   19:}
        -:   20:
    25667:   21:int days_of_month(int month, int year) // Return the number of days of month in year
        -:   22:{ 
    25667:   23:    if (month == 2) {
     6188:   24:        if (days_of_year(year)==366) {
     5213:   25:            return 29;
        -:   26:        } else {
      975:   27:            return 28;
        -:   28:        }
        -:   29:    }
        -:   30:    int d;
    19479:   31:    switch (month) {
        -:   32:        case 1: case 3: case 5: case 7: case 8:
        -:   33:        case 10: case 12:
    15075:   34:            d = 31;
    15075:   35:            break;
        -:   36:        default:
     4404:   37:            d = 30;
        -:   38:    }
    19479:   39:    return d;
        -:   40:}
        -:   41:
     4207:   42:int main(void)
        -:   43:{
        -:   44:    int n;
     4207:   45:    cin >> n;          //Input the first test case
    12621:   46:    while (n >= 0) {
        -:   47:        int year, month, day, week;
     4207:   48:        week = n % 7; // use January 1, 2000 (Saturday) as the benchmark and the beginning of a week
     4207:   49:        year = 2000;
     4207:   50:        month = 1;
     4207:   51:        day = 1;
    93561:   52:        while (n) {
    44677:   53:            if (n >= days_of_year(year)) { // Calculate the year
    29815:   54:                n -= days_of_year(year);
    29815:   55:                ++year;
    14862:   56:            } else if (n >= days_of_month(month, year)) { // Calculate the month
    10805:   57:                n -= days_of_month(month, year);
    10805:   58:                ++month;
        -:   59:            } else { // Calculate the day
     4057:   60:                day += n;
     4057:   61:                n = 0;
        -:   62:            }
        -:   63:        }
        -:   64:   //Output the date and the day of the week
     4207:   65:        cout << year << '-' << (month < 10 ? "0" : "") << month << '-'
     8414:   66:            << (day < 10 ? "0" : "") << day << ' ' << wstr[week] << endl;
     4207:   67:        cin >> n; //Input the next test case
        -:   68:    }
     4207:   69:    return 0;
    12621:   70:}
