        -:    0:Source:testCaseWithBug2.cpp
        -:    0:Graph:testCaseWithBug2.gcno
        -:    0:Data:testCaseWithBug2.gcda
        -:    0:Runs:3650
        -:    0:Programs:1
        -:    1:#include <iostream>          //Preprocessor Directive
        -:    2:using namespace std;         //Using C＋＋ Standard Library
        -:    3:const char wstr[][20] = {"Saturday", "Sunday", "Monday", "Tuesday", "Wednesday", "Thursday", "Friday"};    //String array for the day of the week
        -:    4:
    69374:    5:int days_of_year(int year)   //  Return the number of days of year
        -:    6:{ 
    69374:    7:    if (year % 100 == 0) {
    16047:    8:        if (year % 400 == 0 ) {
    15817:    9:            return 366;
        -:   10:        } else {
      230:   11:            return 365;
        -:   12:        }
        -:   13:    }
    53327:   14:    if (year % 4 == 0 ) {
    12664:   15:        return 365; //return 366;   ### bug line! ###
        -:   16:    } else {
    40663:   17:        return 365;
        -:   18:    }
        -:   19:}
        -:   20:
    22279:   21:int days_of_month(int month, int year) // Return the number of days of month in year
        -:   22:{ 
    22279:   23:    if (month == 2) {
     5358:   24:        if (days_of_year(year)==366) {
     4498:   25:            return 29;
        -:   26:        } else {
      860:   27:            return 28;
        -:   28:        }
        -:   29:    }
        -:   30:    int d;
    16921:   31:    switch (month) {
        -:   32:        case 1: case 3: case 5: case 7: case 8:
        -:   33:        case 10: case 12:
    13086:   34:            d = 31;
    13086:   35:            break;
        -:   36:        default:
     3835:   37:            d = 30;
        -:   38:    }
    16921:   39:    return d;
        -:   40:}
        -:   41:
     3650:   42:int main(void)
        -:   43:{
        -:   44:    int n;
     3650:   45:    cin >> n;          //Input the first test case
    10950:   46:    while (n >= 0) {
        -:   47:        int year, month, day, week;
     3650:   48:        week = n % 7; // use January 1, 2000 (Saturday) as the benchmark and the beginning of a week
     3650:   49:        year = 2000;
     3650:   50:        month = 1;
     3650:   51:        day = 1;
    80564:   52:        while (n) {
    38457:   53:            if (n >= days_of_year(year)) { // Calculate the year
    25559:   54:                n -= days_of_year(year);
    25559:   55:                ++year;
    12898:   56:            } else if (n >= days_of_month(month, year)) { // Calculate the month
     9381:   57:                n -= days_of_month(month, year);
     9381:   58:                ++month;
        -:   59:            } else { // Calculate the day
     3517:   60:                day += n;
     3517:   61:                n = 0;
        -:   62:            }
        -:   63:        }
        -:   64:   //Output the date and the day of the week
     3650:   65:        cout << year << '-' << (month < 10 ? "0" : "") << month << '-'
     7300:   66:            << (day < 10 ? "0" : "") << day << ' ' << wstr[week] << endl;
     3650:   67:        cin >> n; //Input the next test case
        -:   68:    }
     3650:   69:    return 0;
    10950:   70:}
