        -:    0:Source:testCase1-bug.cpp
        -:    0:Graph:testCase1-bug.gcno
        -:    0:Data:testCase1-bug.gcda
        -:    0:Runs:3731
        -:    0:Programs:1
        -:    1:#include <iostream>                     // Preprocessor Directive
        -:    2:using namespace std;                    // Using C＋＋ Standard Libeary
        -:    3:const int n = 9;                         //The number of terms of a polynomial
    23597:    4:inline int fabs(int k)                     // Return the absolute value of k
        -:    5:{ 
    23597:    6:    return k < 0 ? -k : k;
        -:    7:}
     7462:    8:int main(void)                          // Main function
        -:    9:{ 
        -:   10:    int a[n];
    11193:   11:    while (cin >> a[0]) {               // Input coefficients
    33579:   12:        for (int i = 1; i < n; i++)  
    29848:   13:            cin >> a[i];
     3731:   14:        bool first = true;              // Set the mark for the first term
    37310:   15:        for (int i = 0; i < n; i++)
    33579:   16:            if (a[i]) {               //Output non-zero terms
    16067:   17:                if (first) {           // Deal with the first term
     3722:   18:                    if (a[i] == -1 && i < n - 1)    // The current term is -1
      184:   19:                        cout << "";
     3538:   20:                    else if (a[i] != 1 || i == n - 1)   // The current is not 1
     3344:   21:                        cout << a[i];
     3722:   22:                    if (i == n - 2) // If the exponent is 1, don’t output the exponent; else output the exponent.
       13:   23:                        cout << 'x';
     3709:   24:                    else if (i < n - 1)           
     3694:   25:                        cout << "x^" << n - i - 1;
     3722:   26:                    first = false;  // Reserve the mark of the first term of the polynomial
        -:   27:                } else {         //Output the sign and the absolute value
    12345:   28:                    cout << ' ' << (a[i] < 0 ? '-' : '+') << ' ';  //Output the sign
    12345:   29:                    if (fabs(a[i]) != 1 || i == n - 1)         //If the coefficient is 1, don’t output it
    11252:   30:                        cout << fabs(a[i]);
    12345:   31:                    if (i == n - 2)  // If the exponent is 1, don’t output the exponent; else output the exponent.
     1750:   32:                        cout << 'x';
    10595:   33:                    else if (i < n - 1)
     8803:   34:                        cout << "x^" << n - i - 1;
        -:   35:                }
        -:   36:            }
     3731:   37:        if (first)                  // If all coefficients are 0, output 0.
        9:   38:            cout << 0;
     3731:   39:        cout << endl;
        -:   40:    }
     3731:   41:    return 0;
    11193:   42:}
